2023-06-22T06:17:09.687Z error: unhandledRejection: woops1
Error: woops1
    at payload.id (C:\Users\User\.vscode\itinfo\controllers\author.conroller.js:101:39)
    at new Promise (<anonymous>)
    at loginAuthor (C:\Users\User\.vscode\itinfo\controllers\author.conroller.js:101:5)
    at process.processTicksAndRejections (node:internal/process/task_queues:95:5)
2023-06-22T06:19:11.950Z error: uncaughtException: app.use() requires a middleware function
TypeError: app.use() requires a middleware function
    at Function.use (C:\Users\User\.vscode\itinfo\node_modules\express\lib\application.js:217:11)
    at Object.<anonymous> (C:\Users\User\.vscode\itinfo\app.js:77:5)
    at Module._compile (node:internal/modules/cjs/loader:1267:14)
    at Module._extensions..js (node:internal/modules/cjs/loader:1321:10)
    at Module.load (node:internal/modules/cjs/loader:1125:32)
    at Module._load (node:internal/modules/cjs/loader:965:12)
    at Function.executeUserEntryPoint [as runMain] (node:internal/modules/run_main:83:12)
    at node:internal/main/run_main_module:23:47
2023-06-22T06:19:19.121Z error: uncaughtException: app.use() requires a middleware function
TypeError: app.use() requires a middleware function
    at Function.use (C:\Users\User\.vscode\itinfo\node_modules\express\lib\application.js:217:11)
    at Object.<anonymous> (C:\Users\User\.vscode\itinfo\app.js:77:5)
    at Module._compile (node:internal/modules/cjs/loader:1267:14)
    at Module._extensions..js (node:internal/modules/cjs/loader:1321:10)
    at Module.load (node:internal/modules/cjs/loader:1125:32)
    at Module._load (node:internal/modules/cjs/loader:965:12)
    at Function.executeUserEntryPoint [as runMain] (node:internal/modules/run_main:83:12)
    at node:internal/main/run_main_module:23:47
2023-06-22T06:19:25.726Z error: uncaughtException: app.use() requires a middleware function
TypeError: app.use() requires a middleware function
    at Function.use (C:\Users\User\.vscode\itinfo\node_modules\express\lib\application.js:217:11)
    at Object.<anonymous> (C:\Users\User\.vscode\itinfo\app.js:77:5)
    at Module._compile (node:internal/modules/cjs/loader:1267:14)
    at Module._extensions..js (node:internal/modules/cjs/loader:1321:10)
    at Module.load (node:internal/modules/cjs/loader:1125:32)
    at Module._load (node:internal/modules/cjs/loader:965:12)
    at Function.executeUserEntryPoint [as runMain] (node:internal/modules/run_main:83:12)
    at node:internal/main/run_main_module:23:47
2023-06-22T06:19:28.149Z error: uncaughtException: router is not defined
ReferenceError: router is not defined
    at Object.<anonymous> (C:\Users\User\.vscode\itinfo\app.js:77:9)
    at Module._compile (node:internal/modules/cjs/loader:1267:14)
    at Module._extensions..js (node:internal/modules/cjs/loader:1321:10)
    at Module.load (node:internal/modules/cjs/loader:1125:32)
    at Module._load (node:internal/modules/cjs/loader:965:12)
    at Function.executeUserEntryPoint [as runMain] (node:internal/modules/run_main:83:12)
    at node:internal/main/run_main_module:23:47
2023-06-22T06:19:31.139Z error: uncaughtException: write after end
Error: write after end
    at writeAfterEnd (C:\Users\User\.vscode\itinfo\node_modules\readable-stream\lib\_stream_writable.js:264:12)
    at Writable.write (C:\Users\User\.vscode\itinfo\node_modules\readable-stream\lib\_stream_writable.js:300:21)
    at File.log (C:\Users\User\.vscode\itinfo\node_modules\winston\lib\winston\transports\file.js:190:34)
    at ExceptionStream._write (C:\Users\User\.vscode\itinfo\node_modules\winston\lib\winston\exception-stream.js:48:29)
    at doWrite (C:\Users\User\.vscode\itinfo\node_modules\readable-stream\lib\_stream_writable.js:390:139)
    at writeOrBuffer (C:\Users\User\.vscode\itinfo\node_modules\readable-stream\lib\_stream_writable.js:381:5)
    at Writable.write (C:\Users\User\.vscode\itinfo\node_modules\readable-stream\lib\_stream_writable.js:302:11)
    at DerivedLogger.ondata (C:\Users\User\.vscode\itinfo\node_modules\readable-stream\lib\_stream_readable.js:629:20)
    at DerivedLogger.emit (node:events:523:35)
    at addChunk (C:\Users\User\.vscode\itinfo\node_modules\readable-stream\lib\_stream_readable.js:279:12)
2023-06-22T06:20:14.094Z error: uncaughtException: router is not defined
ReferenceError: router is not defined
    at Object.<anonymous> (C:\Users\User\.vscode\itinfo\app.js:63:9)
    at Module._compile (node:internal/modules/cjs/loader:1267:14)
    at Module._extensions..js (node:internal/modules/cjs/loader:1321:10)
    at Module.load (node:internal/modules/cjs/loader:1125:32)
    at Module._load (node:internal/modules/cjs/loader:965:12)
    at Function.executeUserEntryPoint [as runMain] (node:internal/modules/run_main:83:12)
    at node:internal/main/run_main_module:23:47
2023-06-22T06:20:23.351Z error: unhandledRejection: woops1
Error: woops1
    at payload.id (C:\Users\User\.vscode\itinfo\controllers\author.conroller.js:101:39)
    at new Promise (<anonymous>)
    at loginAuthor (C:\Users\User\.vscode\itinfo\controllers\author.conroller.js:101:5)
    at process.processTicksAndRejections (node:internal/process/task_queues:95:5)
2023-06-22T06:21:18.926Z error: unhandledRejection: woops1
Error: woops1
    at payload.id (C:\Users\User\.vscode\itinfo\controllers\author.conroller.js:101:39)
    at new Promise (<anonymous>)
    at loginAuthor (C:\Users\User\.vscode\itinfo\controllers\author.conroller.js:101:5)
    at process.processTicksAndRejections (node:internal/process/task_queues:95:5)
2023-06-22T06:26:11.335Z error: uncaughtException: json is not defined
ReferenceError: json is not defined
    at Object.<anonymous> (C:\Users\User\.vscode\itinfo\app.js:49:7)
    at Module._compile (node:internal/modules/cjs/loader:1267:14)
    at Module._extensions..js (node:internal/modules/cjs/loader:1321:10)
    at Module.load (node:internal/modules/cjs/loader:1125:32)
    at Module._load (node:internal/modules/cjs/loader:965:12)
    at Function.executeUserEntryPoint [as runMain] (node:internal/modules/run_main:83:12)
    at node:internal/main/run_main_module:23:47
2023-06-22T06:26:19.782Z error: uncaughtException: colorize is not defined
ReferenceError: colorize is not defined
    at Object.<anonymous> (C:\Users\User\.vscode\itinfo\app.js:50:7)
    at Module._compile (node:internal/modules/cjs/loader:1267:14)
    at Module._extensions..js (node:internal/modules/cjs/loader:1321:10)
    at Module.load (node:internal/modules/cjs/loader:1125:32)
    at Module._load (node:internal/modules/cjs/loader:965:12)
    at Function.executeUserEntryPoint [as runMain] (node:internal/modules/run_main:83:12)
    at node:internal/main/run_main_module:23:47
2023-06-22T06:38:34.612Z error: uncaughtException: ex is not defined
ReferenceError: ex is not defined
    at Object.<anonymous> (C:\Users\User\.vscode\itinfo\app.js:78:9)
    at Module._compile (node:internal/modules/cjs/loader:1267:14)
    at Module._extensions..js (node:internal/modules/cjs/loader:1321:10)
    at Module.load (node:internal/modules/cjs/loader:1125:32)
    at Module._load (node:internal/modules/cjs/loader:965:12)
    at Function.executeUserEntryPoint [as runMain] (node:internal/modules/run_main:83:12)
    at node:internal/main/run_main_module:23:47
2023-06-22T06:38:36.059Z error: uncaughtException: app.use() requires a middleware function
TypeError: app.use() requires a middleware function
    at Function.use (C:\Users\User\.vscode\itinfo\node_modules\express\lib\application.js:217:11)
    at Object.<anonymous> (C:\Users\User\.vscode\itinfo\app.js:78:5)
    at Module._compile (node:internal/modules/cjs/loader:1267:14)
    at Module._extensions..js (node:internal/modules/cjs/loader:1321:10)
    at Module.load (node:internal/modules/cjs/loader:1125:32)
    at Module._load (node:internal/modules/cjs/loader:965:12)
    at Function.executeUserEntryPoint [as runMain] (node:internal/modules/run_main:83:12)
    at node:internal/main/run_main_module:23:47
2023-06-22T06:39:03.963Z error: uncaughtException: app.use() requires a middleware function
TypeError: app.use() requires a middleware function
    at Function.use (C:\Users\User\.vscode\itinfo\node_modules\express\lib\application.js:217:11)
    at Object.<anonymous> (C:\Users\User\.vscode\itinfo\app.js:78:5)
    at Module._compile (node:internal/modules/cjs/loader:1267:14)
    at Module._extensions..js (node:internal/modules/cjs/loader:1321:10)
    at Module.load (node:internal/modules/cjs/loader:1125:32)
    at Module._load (node:internal/modules/cjs/loader:965:12)
    at Function.executeUserEntryPoint [as runMain] (node:internal/modules/run_main:83:12)
    at node:internal/main/run_main_module:23:47
2023-06-22T06:39:10.044Z error: uncaughtException: app.use() requires a middleware function
TypeError: app.use() requires a middleware function
    at Function.use (C:\Users\User\.vscode\itinfo\node_modules\express\lib\application.js:217:11)
    at Object.<anonymous> (C:\Users\User\.vscode\itinfo\app.js:78:5)
    at Module._compile (node:internal/modules/cjs/loader:1267:14)
    at Module._extensions..js (node:internal/modules/cjs/loader:1321:10)
    at Module.load (node:internal/modules/cjs/loader:1125:32)
    at Module._load (node:internal/modules/cjs/loader:965:12)
    at Function.executeUserEntryPoint [as runMain] (node:internal/modules/run_main:83:12)
    at node:internal/main/run_main_module:23:47
2023-06-22T06:39:53.191Z error: uncaughtException: app.use() requires a middleware function
TypeError: app.use() requires a middleware function
    at Function.use (C:\Users\User\.vscode\itinfo\node_modules\express\lib\application.js:217:11)
    at Object.<anonymous> (C:\Users\User\.vscode\itinfo\app.js:78:5)
    at Module._compile (node:internal/modules/cjs/loader:1267:14)
    at Module._extensions..js (node:internal/modules/cjs/loader:1321:10)
    at Module.load (node:internal/modules/cjs/loader:1125:32)
    at Module._load (node:internal/modules/cjs/loader:965:12)
    at Function.executeUserEntryPoint [as runMain] (node:internal/modules/run_main:83:12)
    at node:internal/main/run_main_module:23:47
2023-06-22T06:40:00.911Z error: uncaughtException: app.use() requires a middleware function
TypeError: app.use() requires a middleware function
    at Function.use (C:\Users\User\.vscode\itinfo\node_modules\express\lib\application.js:217:11)
    at Object.<anonymous> (C:\Users\User\.vscode\itinfo\app.js:78:5)
    at Module._compile (node:internal/modules/cjs/loader:1267:14)
    at Module._extensions..js (node:internal/modules/cjs/loader:1321:10)
    at Module.load (node:internal/modules/cjs/loader:1125:32)
    at Module._load (node:internal/modules/cjs/loader:965:12)
    at Function.executeUserEntryPoint [as runMain] (node:internal/modules/run_main:83:12)
    at node:internal/main/run_main_module:23:47
2023-06-22T06:40:13.924Z error: uncaughtException: app.use() requires a middleware function
TypeError: app.use() requires a middleware function
    at Function.use (C:\Users\User\.vscode\itinfo\node_modules\express\lib\application.js:217:11)
    at Object.<anonymous> (C:\Users\User\.vscode\itinfo\app.js:78:5)
    at Module._compile (node:internal/modules/cjs/loader:1267:14)
    at Module._extensions..js (node:internal/modules/cjs/loader:1321:10)
    at Module.load (node:internal/modules/cjs/loader:1125:32)
    at Module._load (node:internal/modules/cjs/loader:965:12)
    at Function.executeUserEntryPoint [as runMain] (node:internal/modules/run_main:83:12)
    at node:internal/main/run_main_module:23:47
2023-06-22T06:40:15.615Z error: uncaughtException: app.use() requires a middleware function
TypeError: app.use() requires a middleware function
    at Function.use (C:\Users\User\.vscode\itinfo\node_modules\express\lib\application.js:217:11)
    at Object.<anonymous> (C:\Users\User\.vscode\itinfo\app.js:78:5)
    at Module._compile (node:internal/modules/cjs/loader:1267:14)
    at Module._extensions..js (node:internal/modules/cjs/loader:1321:10)
    at Module.load (node:internal/modules/cjs/loader:1125:32)
    at Module._load (node:internal/modules/cjs/loader:965:12)
    at Function.executeUserEntryPoint [as runMain] (node:internal/modules/run_main:83:12)
    at node:internal/main/run_main_module:23:47
2023-06-22T06:40:31.912Z error: uncaughtException: app.use() requires a middleware function
TypeError: app.use() requires a middleware function
    at Function.use (C:\Users\User\.vscode\itinfo\node_modules\express\lib\application.js:217:11)
    at Object.<anonymous> (C:\Users\User\.vscode\itinfo\app.js:78:5)
    at Module._compile (node:internal/modules/cjs/loader:1267:14)
    at Module._extensions..js (node:internal/modules/cjs/loader:1321:10)
    at Module.load (node:internal/modules/cjs/loader:1125:32)
    at Module._load (node:internal/modules/cjs/loader:965:12)
    at Function.executeUserEntryPoint [as runMain] (node:internal/modules/run_main:83:12)
    at node:internal/main/run_main_module:23:47
2023-06-22T06:40:36.035Z error: uncaughtException: app.use() requires a middleware function
TypeError: app.use() requires a middleware function
    at Function.use (C:\Users\User\.vscode\itinfo\node_modules\express\lib\application.js:217:11)
    at Object.<anonymous> (C:\Users\User\.vscode\itinfo\app.js:78:5)
    at Module._compile (node:internal/modules/cjs/loader:1267:14)
    at Module._extensions..js (node:internal/modules/cjs/loader:1321:10)
    at Module.load (node:internal/modules/cjs/loader:1125:32)
    at Module._load (node:internal/modules/cjs/loader:965:12)
    at Function.executeUserEntryPoint [as runMain] (node:internal/modules/run_main:83:12)
    at node:internal/main/run_main_module:23:47
2023-06-22T06:41:04.482Z error: uncaughtException: app.use() requires a middleware function
TypeError: app.use() requires a middleware function
    at Function.use (C:\Users\User\.vscode\itinfo\node_modules\express\lib\application.js:217:11)
    at Object.<anonymous> (C:\Users\User\.vscode\itinfo\app.js:78:5)
    at Module._compile (node:internal/modules/cjs/loader:1267:14)
    at Module._extensions..js (node:internal/modules/cjs/loader:1321:10)
    at Module.load (node:internal/modules/cjs/loader:1125:32)
    at Module._load (node:internal/modules/cjs/loader:965:12)
    at Function.executeUserEntryPoint [as runMain] (node:internal/modules/run_main:83:12)
    at node:internal/main/run_main_module:23:47
2023-06-22T06:41:05.810Z error: uncaughtException: app.use() requires a middleware function
TypeError: app.use() requires a middleware function
    at Function.use (C:\Users\User\.vscode\itinfo\node_modules\express\lib\application.js:217:11)
    at Object.<anonymous> (C:\Users\User\.vscode\itinfo\app.js:78:5)
    at Module._compile (node:internal/modules/cjs/loader:1267:14)
    at Module._extensions..js (node:internal/modules/cjs/loader:1321:10)
    at Module.load (node:internal/modules/cjs/loader:1125:32)
    at Module._load (node:internal/modules/cjs/loader:965:12)
    at Function.executeUserEntryPoint [as runMain] (node:internal/modules/run_main:83:12)
    at node:internal/main/run_main_module:23:47
2023-06-22T06:41:10.567Z error: uncaughtException: app.use() requires a middleware function
TypeError: app.use() requires a middleware function
    at Function.use (C:\Users\User\.vscode\itinfo\node_modules\express\lib\application.js:217:11)
    at Object.<anonymous> (C:\Users\User\.vscode\itinfo\app.js:78:5)
    at Module._compile (node:internal/modules/cjs/loader:1267:14)
    at Module._extensions..js (node:internal/modules/cjs/loader:1321:10)
    at Module.load (node:internal/modules/cjs/loader:1125:32)
    at Module._load (node:internal/modules/cjs/loader:965:12)
    at Function.executeUserEntryPoint [as runMain] (node:internal/modules/run_main:83:12)
    at node:internal/main/run_main_module:23:47
2023-06-22T06:41:35.740Z error: uncaughtException: app.use() requires a middleware function
TypeError: app.use() requires a middleware function
    at Function.use (C:\Users\User\.vscode\itinfo\node_modules\express\lib\application.js:217:11)
    at Object.<anonymous> (C:\Users\User\.vscode\itinfo\app.js:78:5)
    at Module._compile (node:internal/modules/cjs/loader:1267:14)
    at Module._extensions..js (node:internal/modules/cjs/loader:1321:10)
    at Module.load (node:internal/modules/cjs/loader:1125:32)
    at Module._load (node:internal/modules/cjs/loader:965:12)
    at Function.executeUserEntryPoint [as runMain] (node:internal/modules/run_main:83:12)
    at node:internal/main/run_main_module:23:47
2023-06-22T06:41:37.770Z error: uncaughtException: app.use() requires a middleware function
TypeError: app.use() requires a middleware function
    at Function.use (C:\Users\User\.vscode\itinfo\node_modules\express\lib\application.js:217:11)
    at Object.<anonymous> (C:\Users\User\.vscode\itinfo\app.js:78:5)
    at Module._compile (node:internal/modules/cjs/loader:1267:14)
    at Module._extensions..js (node:internal/modules/cjs/loader:1321:10)
    at Module.load (node:internal/modules/cjs/loader:1125:32)
    at Module._load (node:internal/modules/cjs/loader:965:12)
    at Function.executeUserEntryPoint [as runMain] (node:internal/modules/run_main:83:12)
    at node:internal/main/run_main_module:23:47
2023-06-22T06:41:39.511Z error: uncaughtException: app.use() requires a middleware function
TypeError: app.use() requires a middleware function
    at Function.use (C:\Users\User\.vscode\itinfo\node_modules\express\lib\application.js:217:11)
    at Object.<anonymous> (C:\Users\User\.vscode\itinfo\app.js:78:5)
    at Module._compile (node:internal/modules/cjs/loader:1267:14)
    at Module._extensions..js (node:internal/modules/cjs/loader:1321:10)
    at Module.load (node:internal/modules/cjs/loader:1125:32)
    at Module._load (node:internal/modules/cjs/loader:965:12)
    at Function.executeUserEntryPoint [as runMain] (node:internal/modules/run_main:83:12)
    at node:internal/main/run_main_module:23:47
2023-06-22T06:42:46.100Z error: uncaughtException: app.use() requires a middleware function
TypeError: app.use() requires a middleware function
    at Function.use (C:\Users\User\.vscode\itinfo\node_modules\express\lib\application.js:217:11)
    at Object.<anonymous> (C:\Users\User\.vscode\itinfo\app.js:78:5)
    at Module._compile (node:internal/modules/cjs/loader:1267:14)
    at Module._extensions..js (node:internal/modules/cjs/loader:1321:10)
    at Module.load (node:internal/modules/cjs/loader:1125:32)
    at Module._load (node:internal/modules/cjs/loader:965:12)
    at Function.executeUserEntryPoint [as runMain] (node:internal/modules/run_main:83:12)
    at node:internal/main/run_main_module:23:47
2023-06-22T06:42:52.399Z error: uncaughtException: app.use() requires a middleware function
TypeError: app.use() requires a middleware function
    at Function.use (C:\Users\User\.vscode\itinfo\node_modules\express\lib\application.js:217:11)
    at Object.<anonymous> (C:\Users\User\.vscode\itinfo\app.js:78:5)
    at Module._compile (node:internal/modules/cjs/loader:1267:14)
    at Module._extensions..js (node:internal/modules/cjs/loader:1321:10)
    at Module.load (node:internal/modules/cjs/loader:1125:32)
    at Module._load (node:internal/modules/cjs/loader:965:12)
    at Function.executeUserEntryPoint [as runMain] (node:internal/modules/run_main:83:12)
    at node:internal/main/run_main_module:23:47
2023-06-22T06:42:56.400Z error: uncaughtException: app.use() requires a middleware function
TypeError: app.use() requires a middleware function
    at Function.use (C:\Users\User\.vscode\itinfo\node_modules\express\lib\application.js:217:11)
    at Object.<anonymous> (C:\Users\User\.vscode\itinfo\app.js:78:5)
    at Module._compile (node:internal/modules/cjs/loader:1267:14)
    at Module._extensions..js (node:internal/modules/cjs/loader:1321:10)
    at Module.load (node:internal/modules/cjs/loader:1125:32)
    at Module._load (node:internal/modules/cjs/loader:965:12)
    at Function.executeUserEntryPoint [as runMain] (node:internal/modules/run_main:83:12)
    at node:internal/main/run_main_module:23:47
2023-06-22T06:42:59.813Z error: uncaughtException: app.use() requires a middleware function
TypeError: app.use() requires a middleware function
    at Function.use (C:\Users\User\.vscode\itinfo\node_modules\express\lib\application.js:217:11)
    at Object.<anonymous> (C:\Users\User\.vscode\itinfo\app.js:78:5)
    at Module._compile (node:internal/modules/cjs/loader:1267:14)
    at Module._extensions..js (node:internal/modules/cjs/loader:1321:10)
    at Module.load (node:internal/modules/cjs/loader:1125:32)
    at Module._load (node:internal/modules/cjs/loader:965:12)
    at Function.executeUserEntryPoint [as runMain] (node:internal/modules/run_main:83:12)
    at node:internal/main/run_main_module:23:47
2023-06-22T06:43:04.145Z error: uncaughtException: app.use() requires a middleware function
TypeError: app.use() requires a middleware function
    at Function.use (C:\Users\User\.vscode\itinfo\node_modules\express\lib\application.js:217:11)
    at Object.<anonymous> (C:\Users\User\.vscode\itinfo\app.js:78:5)
    at Module._compile (node:internal/modules/cjs/loader:1267:14)
    at Module._extensions..js (node:internal/modules/cjs/loader:1321:10)
    at Module.load (node:internal/modules/cjs/loader:1125:32)
    at Module._load (node:internal/modules/cjs/loader:965:12)
    at Function.executeUserEntryPoint [as runMain] (node:internal/modules/run_main:83:12)
    at node:internal/main/run_main_module:23:47
2023-06-22T06:43:12.802Z error: uncaughtException: app.use() requires a middleware function
TypeError: app.use() requires a middleware function
    at Function.use (C:\Users\User\.vscode\itinfo\node_modules\express\lib\application.js:217:11)
    at Object.<anonymous> (C:\Users\User\.vscode\itinfo\app.js:78:5)
    at Module._compile (node:internal/modules/cjs/loader:1267:14)
    at Module._extensions..js (node:internal/modules/cjs/loader:1321:10)
    at Module.load (node:internal/modules/cjs/loader:1125:32)
    at Module._load (node:internal/modules/cjs/loader:965:12)
    at Function.executeUserEntryPoint [as runMain] (node:internal/modules/run_main:83:12)
    at node:internal/main/run_main_module:23:47
2023-06-22T06:43:18.724Z error: uncaughtException: app.use() requires a middleware function
TypeError: app.use() requires a middleware function
    at Function.use (C:\Users\User\.vscode\itinfo\node_modules\express\lib\application.js:217:11)
    at Object.<anonymous> (C:\Users\User\.vscode\itinfo\app.js:78:5)
    at Module._compile (node:internal/modules/cjs/loader:1267:14)
    at Module._extensions..js (node:internal/modules/cjs/loader:1321:10)
    at Module.load (node:internal/modules/cjs/loader:1125:32)
    at Module._load (node:internal/modules/cjs/loader:965:12)
    at Function.executeUserEntryPoint [as runMain] (node:internal/modules/run_main:83:12)
    at node:internal/main/run_main_module:23:47
2023-06-22T06:43:22.670Z error: uncaughtException: app.use() requires a middleware function
TypeError: app.use() requires a middleware function
    at Function.use (C:\Users\User\.vscode\itinfo\node_modules\express\lib\application.js:217:11)
    at Object.<anonymous> (C:\Users\User\.vscode\itinfo\app.js:78:5)
    at Module._compile (node:internal/modules/cjs/loader:1267:14)
    at Module._extensions..js (node:internal/modules/cjs/loader:1321:10)
    at Module.load (node:internal/modules/cjs/loader:1125:32)
    at Module._load (node:internal/modules/cjs/loader:965:12)
    at Function.executeUserEntryPoint [as runMain] (node:internal/modules/run_main:83:12)
    at node:internal/main/run_main_module:23:47
2023-06-22T06:43:27.065Z error: uncaughtException: app.use() requires a middleware function
TypeError: app.use() requires a middleware function
    at Function.use (C:\Users\User\.vscode\itinfo\node_modules\express\lib\application.js:217:11)
    at Object.<anonymous> (C:\Users\User\.vscode\itinfo\app.js:78:5)
    at Module._compile (node:internal/modules/cjs/loader:1267:14)
    at Module._extensions..js (node:internal/modules/cjs/loader:1321:10)
    at Module.load (node:internal/modules/cjs/loader:1125:32)
    at Module._load (node:internal/modules/cjs/loader:965:12)
    at Function.executeUserEntryPoint [as runMain] (node:internal/modules/run_main:83:12)
    at node:internal/main/run_main_module:23:47
2023-06-22T06:43:42.217Z error: uncaughtException: app.use() requires a middleware function
TypeError: app.use() requires a middleware function
    at Function.use (C:\Users\User\.vscode\itinfo\node_modules\express\lib\application.js:217:11)
    at Object.<anonymous> (C:\Users\User\.vscode\itinfo\app.js:78:5)
    at Module._compile (node:internal/modules/cjs/loader:1267:14)
    at Module._extensions..js (node:internal/modules/cjs/loader:1321:10)
    at Module.load (node:internal/modules/cjs/loader:1125:32)
    at Module._load (node:internal/modules/cjs/loader:965:12)
    at Function.executeUserEntryPoint [as runMain] (node:internal/modules/run_main:83:12)
    at node:internal/main/run_main_module:23:47
2023-06-22T06:43:48.166Z error: uncaughtException: app.use() requires a middleware function
TypeError: app.use() requires a middleware function
    at Function.use (C:\Users\User\.vscode\itinfo\node_modules\express\lib\application.js:217:11)
    at Object.<anonymous> (C:\Users\User\.vscode\itinfo\app.js:78:5)
    at Module._compile (node:internal/modules/cjs/loader:1267:14)
    at Module._extensions..js (node:internal/modules/cjs/loader:1321:10)
    at Module.load (node:internal/modules/cjs/loader:1125:32)
    at Module._load (node:internal/modules/cjs/loader:965:12)
    at Function.executeUserEntryPoint [as runMain] (node:internal/modules/run_main:83:12)
    at node:internal/main/run_main_module:23:47
2023-06-22T06:43:54.621Z error: uncaughtException: app.use() requires a middleware function
TypeError: app.use() requires a middleware function
    at Function.use (C:\Users\User\.vscode\itinfo\node_modules\express\lib\application.js:217:11)
    at Object.<anonymous> (C:\Users\User\.vscode\itinfo\app.js:78:5)
    at Module._compile (node:internal/modules/cjs/loader:1267:14)
    at Module._extensions..js (node:internal/modules/cjs/loader:1321:10)
    at Module.load (node:internal/modules/cjs/loader:1125:32)
    at Module._load (node:internal/modules/cjs/loader:965:12)
    at Function.executeUserEntryPoint [as runMain] (node:internal/modules/run_main:83:12)
    at node:internal/main/run_main_module:23:47
2023-06-22T06:44:01.529Z error: uncaughtException: app.use() requires a middleware function
TypeError: app.use() requires a middleware function
    at Function.use (C:\Users\User\.vscode\itinfo\node_modules\express\lib\application.js:217:11)
    at Object.<anonymous> (C:\Users\User\.vscode\itinfo\app.js:78:5)
    at Module._compile (node:internal/modules/cjs/loader:1267:14)
    at Module._extensions..js (node:internal/modules/cjs/loader:1321:10)
    at Module.load (node:internal/modules/cjs/loader:1125:32)
    at Module._load (node:internal/modules/cjs/loader:965:12)
    at Function.executeUserEntryPoint [as runMain] (node:internal/modules/run_main:83:12)
    at node:internal/main/run_main_module:23:47
2023-06-22T06:44:04.882Z error: uncaughtException: app.use() requires a middleware function
TypeError: app.use() requires a middleware function
    at Function.use (C:\Users\User\.vscode\itinfo\node_modules\express\lib\application.js:217:11)
    at Object.<anonymous> (C:\Users\User\.vscode\itinfo\app.js:78:5)
    at Module._compile (node:internal/modules/cjs/loader:1267:14)
    at Module._extensions..js (node:internal/modules/cjs/loader:1321:10)
    at Module.load (node:internal/modules/cjs/loader:1125:32)
    at Module._load (node:internal/modules/cjs/loader:965:12)
    at Function.executeUserEntryPoint [as runMain] (node:internal/modules/run_main:83:12)
    at node:internal/main/run_main_module:23:47
2023-06-22T06:44:15.417Z error: uncaughtException: app.use() requires a middleware function
TypeError: app.use() requires a middleware function
    at Function.use (C:\Users\User\.vscode\itinfo\node_modules\express\lib\application.js:217:11)
    at Object.<anonymous> (C:\Users\User\.vscode\itinfo\app.js:78:5)
    at Module._compile (node:internal/modules/cjs/loader:1267:14)
    at Module._extensions..js (node:internal/modules/cjs/loader:1321:10)
    at Module.load (node:internal/modules/cjs/loader:1125:32)
    at Module._load (node:internal/modules/cjs/loader:965:12)
    at Function.executeUserEntryPoint [as runMain] (node:internal/modules/run_main:83:12)
    at node:internal/main/run_main_module:23:47
2023-06-22T06:44:16.988Z error: uncaughtException: app.use() requires a middleware function
TypeError: app.use() requires a middleware function
    at Function.use (C:\Users\User\.vscode\itinfo\node_modules\express\lib\application.js:217:11)
    at Object.<anonymous> (C:\Users\User\.vscode\itinfo\app.js:78:5)
    at Module._compile (node:internal/modules/cjs/loader:1267:14)
    at Module._extensions..js (node:internal/modules/cjs/loader:1321:10)
    at Module.load (node:internal/modules/cjs/loader:1125:32)
    at Module._load (node:internal/modules/cjs/loader:965:12)
    at Function.executeUserEntryPoint [as runMain] (node:internal/modules/run_main:83:12)
    at node:internal/main/run_main_module:23:47
2023-06-22T06:44:23.711Z error: uncaughtException: app.use() requires a middleware function
TypeError: app.use() requires a middleware function
    at Function.use (C:\Users\User\.vscode\itinfo\node_modules\express\lib\application.js:217:11)
    at Object.<anonymous> (C:\Users\User\.vscode\itinfo\app.js:78:5)
    at Module._compile (node:internal/modules/cjs/loader:1267:14)
    at Module._extensions..js (node:internal/modules/cjs/loader:1321:10)
    at Module.load (node:internal/modules/cjs/loader:1125:32)
    at Module._load (node:internal/modules/cjs/loader:965:12)
    at Function.executeUserEntryPoint [as runMain] (node:internal/modules/run_main:83:12)
    at node:internal/main/run_main_module:23:47
2023-06-22T06:44:25.318Z error: uncaughtException: app.use() requires a middleware function
TypeError: app.use() requires a middleware function
    at Function.use (C:\Users\User\.vscode\itinfo\node_modules\express\lib\application.js:217:11)
    at Object.<anonymous> (C:\Users\User\.vscode\itinfo\app.js:78:5)
    at Module._compile (node:internal/modules/cjs/loader:1267:14)
    at Module._extensions..js (node:internal/modules/cjs/loader:1321:10)
    at Module.load (node:internal/modules/cjs/loader:1125:32)
    at Module._load (node:internal/modules/cjs/loader:965:12)
    at Function.executeUserEntryPoint [as runMain] (node:internal/modules/run_main:83:12)
    at node:internal/main/run_main_module:23:47
2023-06-22T06:44:29.809Z error: uncaughtException: app.use() requires a middleware function
TypeError: app.use() requires a middleware function
    at Function.use (C:\Users\User\.vscode\itinfo\node_modules\express\lib\application.js:217:11)
    at Object.<anonymous> (C:\Users\User\.vscode\itinfo\app.js:78:5)
    at Module._compile (node:internal/modules/cjs/loader:1267:14)
    at Module._extensions..js (node:internal/modules/cjs/loader:1321:10)
    at Module.load (node:internal/modules/cjs/loader:1125:32)
    at Module._load (node:internal/modules/cjs/loader:965:12)
    at Function.executeUserEntryPoint [as runMain] (node:internal/modules/run_main:83:12)
    at node:internal/main/run_main_module:23:47
2023-06-22T06:44:32.039Z error: uncaughtException: app.use() requires a middleware function
TypeError: app.use() requires a middleware function
    at Function.use (C:\Users\User\.vscode\itinfo\node_modules\express\lib\application.js:217:11)
    at Object.<anonymous> (C:\Users\User\.vscode\itinfo\app.js:78:5)
    at Module._compile (node:internal/modules/cjs/loader:1267:14)
    at Module._extensions..js (node:internal/modules/cjs/loader:1321:10)
    at Module.load (node:internal/modules/cjs/loader:1125:32)
    at Module._load (node:internal/modules/cjs/loader:965:12)
    at Function.executeUserEntryPoint [as runMain] (node:internal/modules/run_main:83:12)
    at node:internal/main/run_main_module:23:47
2023-06-22T06:44:58.432Z error: uncaughtException: app.use() requires a middleware function
TypeError: app.use() requires a middleware function
    at Function.use (C:\Users\User\.vscode\itinfo\node_modules\express\lib\application.js:217:11)
    at Object.<anonymous> (C:\Users\User\.vscode\itinfo\app.js:78:5)
    at Module._compile (node:internal/modules/cjs/loader:1267:14)
    at Module._extensions..js (node:internal/modules/cjs/loader:1321:10)
    at Module.load (node:internal/modules/cjs/loader:1125:32)
    at Module._load (node:internal/modules/cjs/loader:965:12)
    at Function.executeUserEntryPoint [as runMain] (node:internal/modules/run_main:83:12)
    at node:internal/main/run_main_module:23:47
2023-06-22T06:45:10.889Z error: uncaughtException: app.use() requires a middleware function
TypeError: app.use() requires a middleware function
    at Function.use (C:\Users\User\.vscode\itinfo\node_modules\express\lib\application.js:217:11)
    at Object.<anonymous> (C:\Users\User\.vscode\itinfo\app.js:78:5)
    at Module._compile (node:internal/modules/cjs/loader:1267:14)
    at Module._extensions..js (node:internal/modules/cjs/loader:1321:10)
    at Module.load (node:internal/modules/cjs/loader:1125:32)
    at Module._load (node:internal/modules/cjs/loader:965:12)
    at Function.executeUserEntryPoint [as runMain] (node:internal/modules/run_main:83:12)
    at node:internal/main/run_main_module:23:47
2023-06-22T06:45:12.165Z error: uncaughtException: app.use() requires a middleware function
TypeError: app.use() requires a middleware function
    at Function.use (C:\Users\User\.vscode\itinfo\node_modules\express\lib\application.js:217:11)
    at Object.<anonymous> (C:\Users\User\.vscode\itinfo\app.js:78:5)
    at Module._compile (node:internal/modules/cjs/loader:1267:14)
    at Module._extensions..js (node:internal/modules/cjs/loader:1321:10)
    at Module.load (node:internal/modules/cjs/loader:1125:32)
    at Module._load (node:internal/modules/cjs/loader:965:12)
    at Function.executeUserEntryPoint [as runMain] (node:internal/modules/run_main:83:12)
    at node:internal/main/run_main_module:23:47
2023-06-22T06:45:37.408Z error: uncaughtException: app.use() requires a middleware function
TypeError: app.use() requires a middleware function
    at Function.use (C:\Users\User\.vscode\itinfo\node_modules\express\lib\application.js:217:11)
    at Object.<anonymous> (C:\Users\User\.vscode\itinfo\app.js:78:5)
    at Module._compile (node:internal/modules/cjs/loader:1267:14)
    at Module._extensions..js (node:internal/modules/cjs/loader:1321:10)
    at Module.load (node:internal/modules/cjs/loader:1125:32)
    at Module._load (node:internal/modules/cjs/loader:965:12)
    at Function.executeUserEntryPoint [as runMain] (node:internal/modules/run_main:83:12)
    at node:internal/main/run_main_module:23:47
2023-06-22T06:45:39.578Z error: uncaughtException: app.use() requires a middleware function
TypeError: app.use() requires a middleware function
    at Function.use (C:\Users\User\.vscode\itinfo\node_modules\express\lib\application.js:217:11)
    at Object.<anonymous> (C:\Users\User\.vscode\itinfo\app.js:78:5)
    at Module._compile (node:internal/modules/cjs/loader:1267:14)
    at Module._extensions..js (node:internal/modules/cjs/loader:1321:10)
    at Module.load (node:internal/modules/cjs/loader:1125:32)
    at Module._load (node:internal/modules/cjs/loader:965:12)
    at Function.executeUserEntryPoint [as runMain] (node:internal/modules/run_main:83:12)
    at node:internal/main/run_main_module:23:47
2023-06-22T06:45:41.736Z error: uncaughtException: app.use() requires a middleware function
TypeError: app.use() requires a middleware function
    at Function.use (C:\Users\User\.vscode\itinfo\node_modules\express\lib\application.js:217:11)
    at Object.<anonymous> (C:\Users\User\.vscode\itinfo\app.js:78:5)
    at Module._compile (node:internal/modules/cjs/loader:1267:14)
    at Module._extensions..js (node:internal/modules/cjs/loader:1321:10)
    at Module.load (node:internal/modules/cjs/loader:1125:32)
    at Module._load (node:internal/modules/cjs/loader:965:12)
    at Function.executeUserEntryPoint [as runMain] (node:internal/modules/run_main:83:12)
    at node:internal/main/run_main_module:23:47
2023-06-22T06:45:46.903Z error: uncaughtException: app.use() requires a middleware function
TypeError: app.use() requires a middleware function
    at Function.use (C:\Users\User\.vscode\itinfo\node_modules\express\lib\application.js:217:11)
    at Object.<anonymous> (C:\Users\User\.vscode\itinfo\app.js:78:5)
    at Module._compile (node:internal/modules/cjs/loader:1267:14)
    at Module._extensions..js (node:internal/modules/cjs/loader:1321:10)
    at Module.load (node:internal/modules/cjs/loader:1125:32)
    at Module._load (node:internal/modules/cjs/loader:965:12)
    at Function.executeUserEntryPoint [as runMain] (node:internal/modules/run_main:83:12)
    at node:internal/main/run_main_module:23:47
2023-06-22T06:45:50.444Z error: uncaughtException: app.use() requires a middleware function
TypeError: app.use() requires a middleware function
    at Function.use (C:\Users\User\.vscode\itinfo\node_modules\express\lib\application.js:217:11)
    at Object.<anonymous> (C:\Users\User\.vscode\itinfo\app.js:78:5)
    at Module._compile (node:internal/modules/cjs/loader:1267:14)
    at Module._extensions..js (node:internal/modules/cjs/loader:1321:10)
    at Module.load (node:internal/modules/cjs/loader:1125:32)
    at Module._load (node:internal/modules/cjs/loader:965:12)
    at Function.executeUserEntryPoint [as runMain] (node:internal/modules/run_main:83:12)
    at node:internal/main/run_main_module:23:47
2023-06-22T06:45:51.982Z error: uncaughtException: app.use() requires a middleware function
TypeError: app.use() requires a middleware function
    at Function.use (C:\Users\User\.vscode\itinfo\node_modules\express\lib\application.js:217:11)
    at Object.<anonymous> (C:\Users\User\.vscode\itinfo\app.js:78:5)
    at Module._compile (node:internal/modules/cjs/loader:1267:14)
    at Module._extensions..js (node:internal/modules/cjs/loader:1321:10)
    at Module.load (node:internal/modules/cjs/loader:1125:32)
    at Module._load (node:internal/modules/cjs/loader:965:12)
    at Function.executeUserEntryPoint [as runMain] (node:internal/modules/run_main:83:12)
    at node:internal/main/run_main_module:23:47
2023-06-22T06:46:09.282Z error: uncaughtException: app.use() requires a middleware function
TypeError: app.use() requires a middleware function
    at Function.use (C:\Users\User\.vscode\itinfo\node_modules\express\lib\application.js:217:11)
    at Object.<anonymous> (C:\Users\User\.vscode\itinfo\app.js:78:5)
    at Module._compile (node:internal/modules/cjs/loader:1267:14)
    at Module._extensions..js (node:internal/modules/cjs/loader:1321:10)
    at Module.load (node:internal/modules/cjs/loader:1125:32)
    at Module._load (node:internal/modules/cjs/loader:965:12)
    at Function.executeUserEntryPoint [as runMain] (node:internal/modules/run_main:83:12)
    at node:internal/main/run_main_module:23:47
2023-06-22T06:46:41.317Z error: uncaughtException: app.use() requires a middleware function
TypeError: app.use() requires a middleware function
    at Function.use (C:\Users\User\.vscode\itinfo\node_modules\express\lib\application.js:217:11)
    at Object.<anonymous> (C:\Users\User\.vscode\itinfo\app.js:78:5)
    at Module._compile (node:internal/modules/cjs/loader:1267:14)
    at Module._extensions..js (node:internal/modules/cjs/loader:1321:10)
    at Module.load (node:internal/modules/cjs/loader:1125:32)
    at Module._load (node:internal/modules/cjs/loader:965:12)
    at Function.executeUserEntryPoint [as runMain] (node:internal/modules/run_main:83:12)
    at node:internal/main/run_main_module:23:47
2023-06-22T06:46:44.351Z error: uncaughtException: app.use() requires a middleware function
TypeError: app.use() requires a middleware function
    at Function.use (C:\Users\User\.vscode\itinfo\node_modules\express\lib\application.js:217:11)
    at Object.<anonymous> (C:\Users\User\.vscode\itinfo\app.js:78:5)
    at Module._compile (node:internal/modules/cjs/loader:1267:14)
    at Module._extensions..js (node:internal/modules/cjs/loader:1321:10)
    at Module.load (node:internal/modules/cjs/loader:1125:32)
    at Module._load (node:internal/modules/cjs/loader:965:12)
    at Function.executeUserEntryPoint [as runMain] (node:internal/modules/run_main:83:12)
    at node:internal/main/run_main_module:23:47
2023-06-22T06:46:52.542Z error: uncaughtException: app.use() requires a middleware function
TypeError: app.use() requires a middleware function
    at Function.use (C:\Users\User\.vscode\itinfo\node_modules\express\lib\application.js:217:11)
    at Object.<anonymous> (C:\Users\User\.vscode\itinfo\app.js:78:5)
    at Module._compile (node:internal/modules/cjs/loader:1267:14)
    at Module._extensions..js (node:internal/modules/cjs/loader:1321:10)
    at Module.load (node:internal/modules/cjs/loader:1125:32)
    at Module._load (node:internal/modules/cjs/loader:965:12)
    at Function.executeUserEntryPoint [as runMain] (node:internal/modules/run_main:83:12)
    at node:internal/main/run_main_module:23:47
2023-06-22T06:46:56.244Z error: uncaughtException: app.use() requires a middleware function
TypeError: app.use() requires a middleware function
    at Function.use (C:\Users\User\.vscode\itinfo\node_modules\express\lib\application.js:217:11)
    at Object.<anonymous> (C:\Users\User\.vscode\itinfo\app.js:78:5)
    at Module._compile (node:internal/modules/cjs/loader:1267:14)
    at Module._extensions..js (node:internal/modules/cjs/loader:1321:10)
    at Module.load (node:internal/modules/cjs/loader:1125:32)
    at Module._load (node:internal/modules/cjs/loader:965:12)
    at Function.executeUserEntryPoint [as runMain] (node:internal/modules/run_main:83:12)
    at node:internal/main/run_main_module:23:47
2023-06-22T06:47:00.173Z error: uncaughtException: app.use() requires a middleware function
TypeError: app.use() requires a middleware function
    at Function.use (C:\Users\User\.vscode\itinfo\node_modules\express\lib\application.js:217:11)
    at Object.<anonymous> (C:\Users\User\.vscode\itinfo\app.js:78:5)
    at Module._compile (node:internal/modules/cjs/loader:1267:14)
    at Module._extensions..js (node:internal/modules/cjs/loader:1321:10)
    at Module.load (node:internal/modules/cjs/loader:1125:32)
    at Module._load (node:internal/modules/cjs/loader:965:12)
    at Function.executeUserEntryPoint [as runMain] (node:internal/modules/run_main:83:12)
    at node:internal/main/run_main_module:23:47
2023-06-22T06:47:29.546Z error: uncaughtException: app.use() requires a middleware function
TypeError: app.use() requires a middleware function
    at Function.use (C:\Users\User\.vscode\itinfo\node_modules\express\lib\application.js:217:11)
    at Object.<anonymous> (C:\Users\User\.vscode\itinfo\app.js:78:5)
    at Module._compile (node:internal/modules/cjs/loader:1267:14)
    at Module._extensions..js (node:internal/modules/cjs/loader:1321:10)
    at Module.load (node:internal/modules/cjs/loader:1125:32)
    at Module._load (node:internal/modules/cjs/loader:965:12)
    at Function.executeUserEntryPoint [as runMain] (node:internal/modules/run_main:83:12)
    at node:internal/main/run_main_module:23:47
2023-06-22T06:47:34.147Z error: uncaughtException: app.use() requires a middleware function
TypeError: app.use() requires a middleware function
    at Function.use (C:\Users\User\.vscode\itinfo\node_modules\express\lib\application.js:217:11)
    at Object.<anonymous> (C:\Users\User\.vscode\itinfo\app.js:78:5)
    at Module._compile (node:internal/modules/cjs/loader:1267:14)
    at Module._extensions..js (node:internal/modules/cjs/loader:1321:10)
    at Module.load (node:internal/modules/cjs/loader:1125:32)
    at Module._load (node:internal/modules/cjs/loader:965:12)
    at Function.executeUserEntryPoint [as runMain] (node:internal/modules/run_main:83:12)
    at node:internal/main/run_main_module:23:47
2023-06-22T06:47:39.520Z error: uncaughtException: app.use() requires a middleware function
TypeError: app.use() requires a middleware function
    at Function.use (C:\Users\User\.vscode\itinfo\node_modules\express\lib\application.js:217:11)
    at Object.<anonymous> (C:\Users\User\.vscode\itinfo\app.js:78:5)
    at Module._compile (node:internal/modules/cjs/loader:1267:14)
    at Module._extensions..js (node:internal/modules/cjs/loader:1321:10)
    at Module.load (node:internal/modules/cjs/loader:1125:32)
    at Module._load (node:internal/modules/cjs/loader:965:12)
    at Function.executeUserEntryPoint [as runMain] (node:internal/modules/run_main:83:12)
    at node:internal/main/run_main_module:23:47
2023-06-22T06:47:43.423Z error: uncaughtException: app.use() requires a middleware function
TypeError: app.use() requires a middleware function
    at Function.use (C:\Users\User\.vscode\itinfo\node_modules\express\lib\application.js:217:11)
    at Object.<anonymous> (C:\Users\User\.vscode\itinfo\app.js:78:5)
    at Module._compile (node:internal/modules/cjs/loader:1267:14)
    at Module._extensions..js (node:internal/modules/cjs/loader:1321:10)
    at Module.load (node:internal/modules/cjs/loader:1125:32)
    at Module._load (node:internal/modules/cjs/loader:965:12)
    at Function.executeUserEntryPoint [as runMain] (node:internal/modules/run_main:83:12)
    at node:internal/main/run_main_module:23:47
2023-06-22T06:47:51.236Z error: uncaughtException: app.use() requires a middleware function
TypeError: app.use() requires a middleware function
    at Function.use (C:\Users\User\.vscode\itinfo\node_modules\express\lib\application.js:217:11)
    at Object.<anonymous> (C:\Users\User\.vscode\itinfo\app.js:78:5)
    at Module._compile (node:internal/modules/cjs/loader:1267:14)
    at Module._extensions..js (node:internal/modules/cjs/loader:1321:10)
    at Module.load (node:internal/modules/cjs/loader:1125:32)
    at Module._load (node:internal/modules/cjs/loader:965:12)
    at Function.executeUserEntryPoint [as runMain] (node:internal/modules/run_main:83:12)
    at node:internal/main/run_main_module:23:47
2023-06-22T06:49:53.237Z error: uncaughtException: app.use() requires a middleware function
TypeError: app.use() requires a middleware function
    at Function.use (C:\Users\User\.vscode\itinfo\node_modules\express\lib\application.js:217:11)
    at Object.<anonymous> (C:\Users\User\.vscode\itinfo\app.js:67:5)
    at Module._compile (node:internal/modules/cjs/loader:1267:14)
    at Module._extensions..js (node:internal/modules/cjs/loader:1321:10)
    at Module.load (node:internal/modules/cjs/loader:1125:32)
    at Module._load (node:internal/modules/cjs/loader:965:12)
    at Function.executeUserEntryPoint [as runMain] (node:internal/modules/run_main:83:12)
    at node:internal/main/run_main_module:23:47
2023-06-22T06:50:12.239Z error: uncaughtException: app.use() requires a middleware function
TypeError: app.use() requires a middleware function
    at Function.use (C:\Users\User\.vscode\itinfo\node_modules\express\lib\application.js:217:11)
    at Object.<anonymous> (C:\Users\User\.vscode\itinfo\app.js:67:5)
    at Module._compile (node:internal/modules/cjs/loader:1267:14)
    at Module._extensions..js (node:internal/modules/cjs/loader:1321:10)
    at Module.load (node:internal/modules/cjs/loader:1125:32)
    at Module._load (node:internal/modules/cjs/loader:965:12)
    at Function.executeUserEntryPoint [as runMain] (node:internal/modules/run_main:83:12)
    at node:internal/main/run_main_module:23:47
2023-06-22T06:50:13.429Z error: uncaughtException: app.use() requires a middleware function
TypeError: app.use() requires a middleware function
    at Function.use (C:\Users\User\.vscode\itinfo\node_modules\express\lib\application.js:217:11)
    at Object.<anonymous> (C:\Users\User\.vscode\itinfo\app.js:67:5)
    at Module._compile (node:internal/modules/cjs/loader:1267:14)
    at Module._extensions..js (node:internal/modules/cjs/loader:1321:10)
    at Module.load (node:internal/modules/cjs/loader:1125:32)
    at Module._load (node:internal/modules/cjs/loader:965:12)
    at Function.executeUserEntryPoint [as runMain] (node:internal/modules/run_main:83:12)
    at node:internal/main/run_main_module:23:47
2023-06-22T06:50:20.969Z error: uncaughtException: app.use() requires a middleware function
TypeError: app.use() requires a middleware function
    at Function.use (C:\Users\User\.vscode\itinfo\node_modules\express\lib\application.js:217:11)
    at Object.<anonymous> (C:\Users\User\.vscode\itinfo\app.js:67:5)
    at Module._compile (node:internal/modules/cjs/loader:1267:14)
    at Module._extensions..js (node:internal/modules/cjs/loader:1321:10)
    at Module.load (node:internal/modules/cjs/loader:1125:32)
    at Module._load (node:internal/modules/cjs/loader:965:12)
    at Function.executeUserEntryPoint [as runMain] (node:internal/modules/run_main:83:12)
    at node:internal/main/run_main_module:23:47
2023-06-22T06:50:31.570Z error: uncaughtException: app.use() requires a middleware function
TypeError: app.use() requires a middleware function
    at Function.use (C:\Users\User\.vscode\itinfo\node_modules\express\lib\application.js:217:11)
    at Object.<anonymous> (C:\Users\User\.vscode\itinfo\app.js:67:5)
    at Module._compile (node:internal/modules/cjs/loader:1267:14)
    at Module._extensions..js (node:internal/modules/cjs/loader:1321:10)
    at Module.load (node:internal/modules/cjs/loader:1125:32)
    at Module._load (node:internal/modules/cjs/loader:965:12)
    at Function.executeUserEntryPoint [as runMain] (node:internal/modules/run_main:83:12)
    at node:internal/main/run_main_module:23:47
2023-06-22T06:51:07.568Z error: uncaughtException: app.use() requires a middleware function
TypeError: app.use() requires a middleware function
    at Function.use (C:\Users\User\.vscode\itinfo\node_modules\express\lib\application.js:217:11)
    at Object.<anonymous> (C:\Users\User\.vscode\itinfo\app.js:67:5)
    at Module._compile (node:internal/modules/cjs/loader:1267:14)
    at Module._extensions..js (node:internal/modules/cjs/loader:1321:10)
    at Module.load (node:internal/modules/cjs/loader:1125:32)
    at Module._load (node:internal/modules/cjs/loader:965:12)
    at Function.executeUserEntryPoint [as runMain] (node:internal/modules/run_main:83:12)
    at node:internal/main/run_main_module:23:47
2023-06-22T06:52:58.003Z error: uncaughtException: app.use() requires a middleware function
TypeError: app.use() requires a middleware function
    at Function.use (C:\Users\User\.vscode\itinfo\node_modules\express\lib\application.js:217:11)
    at Object.<anonymous> (C:\Users\User\.vscode\itinfo\app.js:67:5)
    at Module._compile (node:internal/modules/cjs/loader:1267:14)
    at Module._extensions..js (node:internal/modules/cjs/loader:1321:10)
    at Module.load (node:internal/modules/cjs/loader:1125:32)
    at Module._load (node:internal/modules/cjs/loader:965:12)
    at Function.executeUserEntryPoint [as runMain] (node:internal/modules/run_main:83:12)
    at node:internal/main/run_main_module:23:47
2023-06-22T06:55:06.522Z error: uncaughtException: app.use() requires a middleware function
TypeError: app.use() requires a middleware function
    at Function.use (C:\Users\User\.vscode\itinfo\node_modules\express\lib\application.js:217:11)
    at Object.<anonymous> (C:\Users\User\.vscode\itinfo\app.js:67:5)
    at Module._compile (node:internal/modules/cjs/loader:1267:14)
    at Module._extensions..js (node:internal/modules/cjs/loader:1321:10)
    at Module.load (node:internal/modules/cjs/loader:1125:32)
    at Module._load (node:internal/modules/cjs/loader:965:12)
    at Function.executeUserEntryPoint [as runMain] (node:internal/modules/run_main:83:12)
    at node:internal/main/run_main_module:23:47
2023-06-22T06:55:58.411Z error: uncaughtException: app.use() requires a middleware function
TypeError: app.use() requires a middleware function
    at Function.use (C:\Users\User\.vscode\itinfo\node_modules\express\lib\application.js:217:11)
    at Object.<anonymous> (C:\Users\User\.vscode\itinfo\app.js:67:5)
    at Module._compile (node:internal/modules/cjs/loader:1267:14)
    at Module._extensions..js (node:internal/modules/cjs/loader:1321:10)
    at Module.load (node:internal/modules/cjs/loader:1125:32)
    at Module._load (node:internal/modules/cjs/loader:965:12)
    at Function.executeUserEntryPoint [as runMain] (node:internal/modules/run_main:83:12)
    at node:internal/main/run_main_module:23:47
2023-06-22T06:56:02.919Z error: uncaughtException: app.use() requires a middleware function
TypeError: app.use() requires a middleware function
    at Function.use (C:\Users\User\.vscode\itinfo\node_modules\express\lib\application.js:217:11)
    at Object.<anonymous> (C:\Users\User\.vscode\itinfo\app.js:67:5)
    at Module._compile (node:internal/modules/cjs/loader:1267:14)
    at Module._extensions..js (node:internal/modules/cjs/loader:1321:10)
    at Module.load (node:internal/modules/cjs/loader:1125:32)
    at Module._load (node:internal/modules/cjs/loader:965:12)
    at Function.executeUserEntryPoint [as runMain] (node:internal/modules/run_main:83:12)
    at node:internal/main/run_main_module:23:47
2023-06-22T06:56:36.103Z error: uncaughtException: app.use() requires a middleware function
TypeError: app.use() requires a middleware function
    at Function.use (C:\Users\User\.vscode\itinfo\node_modules\express\lib\application.js:217:11)
    at Object.<anonymous> (C:\Users\User\.vscode\itinfo\app.js:67:5)
    at Module._compile (node:internal/modules/cjs/loader:1267:14)
    at Module._extensions..js (node:internal/modules/cjs/loader:1321:10)
    at Module.load (node:internal/modules/cjs/loader:1125:32)
    at Module._load (node:internal/modules/cjs/loader:965:12)
    at Function.executeUserEntryPoint [as runMain] (node:internal/modules/run_main:83:12)
    at node:internal/main/run_main_module:23:47
2023-06-22T06:56:37.243Z error: uncaughtException: app.use() requires a middleware function
TypeError: app.use() requires a middleware function
    at Function.use (C:\Users\User\.vscode\itinfo\node_modules\express\lib\application.js:217:11)
    at Object.<anonymous> (C:\Users\User\.vscode\itinfo\app.js:67:5)
    at Module._compile (node:internal/modules/cjs/loader:1267:14)
    at Module._extensions..js (node:internal/modules/cjs/loader:1321:10)
    at Module.load (node:internal/modules/cjs/loader:1125:32)
    at Module._load (node:internal/modules/cjs/loader:965:12)
    at Function.executeUserEntryPoint [as runMain] (node:internal/modules/run_main:83:12)
    at node:internal/main/run_main_module:23:47
2023-06-22T06:56:38.707Z error: uncaughtException: app.use() requires a middleware function
TypeError: app.use() requires a middleware function
    at Function.use (C:\Users\User\.vscode\itinfo\node_modules\express\lib\application.js:217:11)
    at Object.<anonymous> (C:\Users\User\.vscode\itinfo\app.js:67:5)
    at Module._compile (node:internal/modules/cjs/loader:1267:14)
    at Module._extensions..js (node:internal/modules/cjs/loader:1321:10)
    at Module.load (node:internal/modules/cjs/loader:1125:32)
    at Module._load (node:internal/modules/cjs/loader:965:12)
    at Function.executeUserEntryPoint [as runMain] (node:internal/modules/run_main:83:12)
    at node:internal/main/run_main_module:23:47
2023-06-22T06:56:41.998Z error: uncaughtException: app.use() requires a middleware function
TypeError: app.use() requires a middleware function
    at Function.use (C:\Users\User\.vscode\itinfo\node_modules\express\lib\application.js:217:11)
    at Object.<anonymous> (C:\Users\User\.vscode\itinfo\app.js:67:5)
    at Module._compile (node:internal/modules/cjs/loader:1267:14)
    at Module._extensions..js (node:internal/modules/cjs/loader:1321:10)
    at Module.load (node:internal/modules/cjs/loader:1125:32)
    at Module._load (node:internal/modules/cjs/loader:965:12)
    at Function.executeUserEntryPoint [as runMain] (node:internal/modules/run_main:83:12)
    at node:internal/main/run_main_module:23:47
2023-06-22T06:56:56.936Z error: uncaughtException: app.use() requires a middleware function
TypeError: app.use() requires a middleware function
    at Function.use (C:\Users\User\.vscode\itinfo\node_modules\express\lib\application.js:217:11)
    at Object.<anonymous> (C:\Users\User\.vscode\itinfo\app.js:67:5)
    at Module._compile (node:internal/modules/cjs/loader:1267:14)
    at Module._extensions..js (node:internal/modules/cjs/loader:1321:10)
    at Module.load (node:internal/modules/cjs/loader:1125:32)
    at Module._load (node:internal/modules/cjs/loader:965:12)
    at Function.executeUserEntryPoint [as runMain] (node:internal/modules/run_main:83:12)
    at node:internal/main/run_main_module:23:47
2023-06-22T06:57:01.435Z error: uncaughtException: app.use() requires a middleware function
TypeError: app.use() requires a middleware function
    at Function.use (C:\Users\User\.vscode\itinfo\node_modules\express\lib\application.js:217:11)
    at Object.<anonymous> (C:\Users\User\.vscode\itinfo\app.js:67:5)
    at Module._compile (node:internal/modules/cjs/loader:1267:14)
    at Module._extensions..js (node:internal/modules/cjs/loader:1321:10)
    at Module.load (node:internal/modules/cjs/loader:1125:32)
    at Module._load (node:internal/modules/cjs/loader:965:12)
    at Function.executeUserEntryPoint [as runMain] (node:internal/modules/run_main:83:12)
    at node:internal/main/run_main_module:23:47
2023-06-22T06:57:07.623Z error: uncaughtException: app.use() requires a middleware function
TypeError: app.use() requires a middleware function
    at Function.use (C:\Users\User\.vscode\itinfo\node_modules\express\lib\application.js:217:11)
    at Object.<anonymous> (C:\Users\User\.vscode\itinfo\app.js:68:5)
    at Module._compile (node:internal/modules/cjs/loader:1267:14)
    at Module._extensions..js (node:internal/modules/cjs/loader:1321:10)
    at Module.load (node:internal/modules/cjs/loader:1125:32)
    at Module._load (node:internal/modules/cjs/loader:965:12)
    at Function.executeUserEntryPoint [as runMain] (node:internal/modules/run_main:83:12)
    at node:internal/main/run_main_module:23:47
2023-06-22T06:57:36.561Z error: uncaughtException: expressWinston.errorLogger is not a function
TypeError: expressWinston.errorLogger is not a function
    at Object.<anonymous> (C:\Users\User\.vscode\itinfo\app.js:70:18)
    at Module._compile (node:internal/modules/cjs/loader:1267:14)
    at Module._extensions..js (node:internal/modules/cjs/loader:1321:10)
    at Module.load (node:internal/modules/cjs/loader:1125:32)
    at Module._load (node:internal/modules/cjs/loader:965:12)
    at Function.executeUserEntryPoint [as runMain] (node:internal/modules/run_main:83:12)
    at node:internal/main/run_main_module:23:47
2023-06-22T06:57:41.544Z error: uncaughtException: app.use() requires a middleware function
TypeError: app.use() requires a middleware function
    at Function.use (C:\Users\User\.vscode\itinfo\node_modules\express\lib\application.js:217:11)
    at Object.<anonymous> (C:\Users\User\.vscode\itinfo\app.js:68:5)
    at Module._compile (node:internal/modules/cjs/loader:1267:14)
    at Module._extensions..js (node:internal/modules/cjs/loader:1321:10)
    at Module.load (node:internal/modules/cjs/loader:1125:32)
    at Module._load (node:internal/modules/cjs/loader:965:12)
    at Function.executeUserEntryPoint [as runMain] (node:internal/modules/run_main:83:12)
    at node:internal/main/run_main_module:23:47
2023-06-22T06:57:51.506Z error: uncaughtException: expressWinston.errorLogger is not a function
TypeError: expressWinston.errorLogger is not a function
    at Object.<anonymous> (C:\Users\User\.vscode\itinfo\app.js:70:18)
    at Module._compile (node:internal/modules/cjs/loader:1267:14)
    at Module._extensions..js (node:internal/modules/cjs/loader:1321:10)
    at Module.load (node:internal/modules/cjs/loader:1125:32)
    at Module._load (node:internal/modules/cjs/loader:965:12)
    at Function.executeUserEntryPoint [as runMain] (node:internal/modules/run_main:83:12)
    at node:internal/main/run_main_module:23:47
2023-06-22T06:58:00.867Z error: uncaughtException: app.use() requires a middleware function
TypeError: app.use() requires a middleware function
    at Function.use (C:\Users\User\.vscode\itinfo\node_modules\express\lib\application.js:217:11)
    at Object.<anonymous> (C:\Users\User\.vscode\itinfo\app.js:67:5)
    at Module._compile (node:internal/modules/cjs/loader:1267:14)
    at Module._extensions..js (node:internal/modules/cjs/loader:1321:10)
    at Module.load (node:internal/modules/cjs/loader:1125:32)
    at Module._load (node:internal/modules/cjs/loader:965:12)
    at Function.executeUserEntryPoint [as runMain] (node:internal/modules/run_main:83:12)
    at node:internal/main/run_main_module:23:47
2023-06-22T06:59:37.859Z error: uncaughtException: app.use() requires a middleware function
TypeError: app.use() requires a middleware function
    at Function.use (C:\Users\User\.vscode\itinfo\node_modules\express\lib\application.js:217:11)
    at Object.<anonymous> (C:\Users\User\.vscode\itinfo\app.js:67:5)
    at Module._compile (node:internal/modules/cjs/loader:1267:14)
    at Module._extensions..js (node:internal/modules/cjs/loader:1321:10)
    at Module.load (node:internal/modules/cjs/loader:1125:32)
    at Module._load (node:internal/modules/cjs/loader:965:12)
    at Function.executeUserEntryPoint [as runMain] (node:internal/modules/run_main:83:12)
    at node:internal/main/run_main_module:23:47
2023-06-22T06:59:53.664Z error: uncaughtException: app.use() requires a middleware function
TypeError: app.use() requires a middleware function
    at Function.use (C:\Users\User\.vscode\itinfo\node_modules\express\lib\application.js:217:11)
    at Object.<anonymous> (C:\Users\User\.vscode\itinfo\app.js:67:5)
    at Module._compile (node:internal/modules/cjs/loader:1267:14)
    at Module._extensions..js (node:internal/modules/cjs/loader:1321:10)
    at Module.load (node:internal/modules/cjs/loader:1125:32)
    at Module._load (node:internal/modules/cjs/loader:965:12)
    at Function.executeUserEntryPoint [as runMain] (node:internal/modules/run_main:83:12)
    at node:internal/main/run_main_module:23:47
2023-06-22T06:59:55.565Z error: uncaughtException: Winston is not defined
ReferenceError: Winston is not defined
    at Object.<anonymous> (C:\Users\User\.vscode\itinfo\app.js:67:9)
    at Module._compile (node:internal/modules/cjs/loader:1267:14)
    at Module._extensions..js (node:internal/modules/cjs/loader:1321:10)
    at Module.load (node:internal/modules/cjs/loader:1125:32)
    at Module._load (node:internal/modules/cjs/loader:965:12)
    at Function.executeUserEntryPoint [as runMain] (node:internal/modules/run_main:83:12)
    at node:internal/main/run_main_module:23:47
2023-06-22T06:59:58.572Z error: uncaughtException: app.use() requires a middleware function
TypeError: app.use() requires a middleware function
    at Function.use (C:\Users\User\.vscode\itinfo\node_modules\express\lib\application.js:217:11)
    at Object.<anonymous> (C:\Users\User\.vscode\itinfo\app.js:78:5)
    at Module._compile (node:internal/modules/cjs/loader:1267:14)
    at Module._extensions..js (node:internal/modules/cjs/loader:1321:10)
    at Module.load (node:internal/modules/cjs/loader:1125:32)
    at Module._load (node:internal/modules/cjs/loader:965:12)
    at Function.executeUserEntryPoint [as runMain] (node:internal/modules/run_main:83:12)
    at node:internal/main/run_main_module:23:47
2023-06-22T07:00:09.510Z error: uncaughtException: app.use() requires a middleware function
TypeError: app.use() requires a middleware function
    at Function.use (C:\Users\User\.vscode\itinfo\node_modules\express\lib\application.js:217:11)
    at Object.<anonymous> (C:\Users\User\.vscode\itinfo\app.js:79:5)
    at Module._compile (node:internal/modules/cjs/loader:1267:14)
    at Module._extensions..js (node:internal/modules/cjs/loader:1321:10)
    at Module.load (node:internal/modules/cjs/loader:1125:32)
    at Module._load (node:internal/modules/cjs/loader:965:12)
    at Function.executeUserEntryPoint [as runMain] (node:internal/modules/run_main:83:12)
    at node:internal/main/run_main_module:23:47
2023-06-22T07:00:10.709Z error: uncaughtException: app.use() requires a middleware function
TypeError: app.use() requires a middleware function
    at Function.use (C:\Users\User\.vscode\itinfo\node_modules\express\lib\application.js:217:11)
    at Object.<anonymous> (C:\Users\User\.vscode\itinfo\app.js:79:5)
    at Module._compile (node:internal/modules/cjs/loader:1267:14)
    at Module._extensions..js (node:internal/modules/cjs/loader:1321:10)
    at Module.load (node:internal/modules/cjs/loader:1125:32)
    at Module._load (node:internal/modules/cjs/loader:965:12)
    at Function.executeUserEntryPoint [as runMain] (node:internal/modules/run_main:83:12)
    at node:internal/main/run_main_module:23:47
2023-06-22T07:00:15.341Z error: uncaughtException: app.use() requires a middleware function
TypeError: app.use() requires a middleware function
    at Function.use (C:\Users\User\.vscode\itinfo\node_modules\express\lib\application.js:217:11)
    at Object.<anonymous> (C:\Users\User\.vscode\itinfo\app.js:79:5)
    at Module._compile (node:internal/modules/cjs/loader:1267:14)
    at Module._extensions..js (node:internal/modules/cjs/loader:1321:10)
    at Module.load (node:internal/modules/cjs/loader:1125:32)
    at Module._load (node:internal/modules/cjs/loader:965:12)
    at Function.executeUserEntryPoint [as runMain] (node:internal/modules/run_main:83:12)
    at node:internal/main/run_main_module:23:47
2023-06-22T07:00:20.217Z error: uncaughtException: app.use() requires a middleware function
TypeError: app.use() requires a middleware function
    at Function.use (C:\Users\User\.vscode\itinfo\node_modules\express\lib\application.js:217:11)
    at Object.<anonymous> (C:\Users\User\.vscode\itinfo\app.js:79:5)
    at Module._compile (node:internal/modules/cjs/loader:1267:14)
    at Module._extensions..js (node:internal/modules/cjs/loader:1321:10)
    at Module.load (node:internal/modules/cjs/loader:1125:32)
    at Module._load (node:internal/modules/cjs/loader:965:12)
    at Function.executeUserEntryPoint [as runMain] (node:internal/modules/run_main:83:12)
    at node:internal/main/run_main_module:23:47
2023-06-22T07:01:24.395Z error: unhandledRejection: expressWinston.logger is not a function
TypeError: expressWinston.logger is not a function
    at expressWinston (C:\Users\User\.vscode\itinfo\middleware\workermiddleware.js:5:18)
    at Layer.handle [as handle_request] (C:\Users\User\.vscode\itinfo\node_modules\express\lib\router\layer.js:95:5)
    at trim_prefix (C:\Users\User\.vscode\itinfo\node_modules\express\lib\router\index.js:328:13)
    at C:\Users\User\.vscode\itinfo\node_modules\express\lib\router\index.js:286:9
    at Function.process_params (C:\Users\User\.vscode\itinfo\node_modules\express\lib\router\index.js:346:12)
    at next (C:\Users\User\.vscode\itinfo\node_modules\express\lib\router\index.js:280:10)
    at cookieParser (C:\Users\User\.vscode\itinfo\node_modules\cookie-parser\index.js:71:5)
    at Layer.handle [as handle_request] (C:\Users\User\.vscode\itinfo\node_modules\express\lib\router\layer.js:95:5)
    at trim_prefix (C:\Users\User\.vscode\itinfo\node_modules\express\lib\router\index.js:328:13)
    at C:\Users\User\.vscode\itinfo\node_modules\express\lib\router\index.js:286:9
2023-06-22T07:01:42.633Z error: unhandledRejection: expressWinston.logger is not a function
TypeError: expressWinston.logger is not a function
    at expressWinston (C:\Users\User\.vscode\itinfo\middleware\workermiddleware.js:5:18)
    at Layer.handle [as handle_request] (C:\Users\User\.vscode\itinfo\node_modules\express\lib\router\layer.js:95:5)
    at trim_prefix (C:\Users\User\.vscode\itinfo\node_modules\express\lib\router\index.js:328:13)
    at C:\Users\User\.vscode\itinfo\node_modules\express\lib\router\index.js:286:9
    at Function.process_params (C:\Users\User\.vscode\itinfo\node_modules\express\lib\router\index.js:346:12)
    at next (C:\Users\User\.vscode\itinfo\node_modules\express\lib\router\index.js:280:10)
    at cookieParser (C:\Users\User\.vscode\itinfo\node_modules\cookie-parser\index.js:71:5)
    at Layer.handle [as handle_request] (C:\Users\User\.vscode\itinfo\node_modules\express\lib\router\layer.js:95:5)
    at trim_prefix (C:\Users\User\.vscode\itinfo\node_modules\express\lib\router\index.js:328:13)
    at C:\Users\User\.vscode\itinfo\node_modules\express\lib\router\index.js:286:9
2023-06-22T07:02:47.967Z error: uncaughtException: expressWinston is not defined
ReferenceError: expressWinston is not defined
    at Object.<anonymous> (C:\Users\User\.vscode\itinfo\middleware\workermiddleware.js:4:29)
    at Module._compile (node:internal/modules/cjs/loader:1267:14)
    at Module._extensions..js (node:internal/modules/cjs/loader:1321:10)
    at Module.load (node:internal/modules/cjs/loader:1125:32)
    at Module._load (node:internal/modules/cjs/loader:965:12)
    at Module.require (node:internal/modules/cjs/loader:1149:19)
    at require (node:internal/modules/helpers:121:18)
    at Object.<anonymous> (C:\Users\User\.vscode\itinfo\app.js:6:23)
    at Module._compile (node:internal/modules/cjs/loader:1267:14)
    at Module._extensions..js (node:internal/modules/cjs/loader:1321:10)
2023-06-22T07:02:58.308Z error: uncaughtException: expressWinston is not defined
ReferenceError: expressWinston is not defined
    at Object.<anonymous> (C:\Users\User\.vscode\itinfo\middleware\workermiddleware.js:4:29)
    at Module._compile (node:internal/modules/cjs/loader:1267:14)
    at Module._extensions..js (node:internal/modules/cjs/loader:1321:10)
    at Module.load (node:internal/modules/cjs/loader:1125:32)
    at Module._load (node:internal/modules/cjs/loader:965:12)
    at Module.require (node:internal/modules/cjs/loader:1149:19)
    at require (node:internal/modules/helpers:121:18)
    at Object.<anonymous> (C:\Users\User\.vscode\itinfo\app.js:6:23)
    at Module._compile (node:internal/modules/cjs/loader:1267:14)
    at Module._extensions..js (node:internal/modules/cjs/loader:1321:10)
2023-06-22T07:03:03.077Z error: uncaughtException: expressWinston is not defined
ReferenceError: expressWinston is not defined
    at Object.<anonymous> (C:\Users\User\.vscode\itinfo\middleware\workermiddleware.js:4:29)
    at Module._compile (node:internal/modules/cjs/loader:1267:14)
    at Module._extensions..js (node:internal/modules/cjs/loader:1321:10)
    at Module.load (node:internal/modules/cjs/loader:1125:32)
    at Module._load (node:internal/modules/cjs/loader:965:12)
    at Module.require (node:internal/modules/cjs/loader:1149:19)
    at require (node:internal/modules/helpers:121:18)
    at Object.<anonymous> (C:\Users\User\.vscode\itinfo\app.js:6:23)
    at Module._compile (node:internal/modules/cjs/loader:1267:14)
    at Module._extensions..js (node:internal/modules/cjs/loader:1321:10)
2023-06-22T07:03:07.895Z error: uncaughtException: expressWinston is not defined
ReferenceError: expressWinston is not defined
    at Object.<anonymous> (C:\Users\User\.vscode\itinfo\middleware\workermiddleware.js:4:29)
    at Module._compile (node:internal/modules/cjs/loader:1267:14)
    at Module._extensions..js (node:internal/modules/cjs/loader:1321:10)
    at Module.load (node:internal/modules/cjs/loader:1125:32)
    at Module._load (node:internal/modules/cjs/loader:965:12)
    at Module.require (node:internal/modules/cjs/loader:1149:19)
    at require (node:internal/modules/helpers:121:18)
    at Object.<anonymous> (C:\Users\User\.vscode\itinfo\app.js:6:23)
    at Module._compile (node:internal/modules/cjs/loader:1267:14)
    at Module._extensions..js (node:internal/modules/cjs/loader:1321:10)
2023-06-22T07:03:11.191Z error: uncaughtException: expressWinston is not defined
ReferenceError: expressWinston is not defined
    at Object.<anonymous> (C:\Users\User\.vscode\itinfo\middleware\workermiddleware.js:4:29)
    at Module._compile (node:internal/modules/cjs/loader:1267:14)
    at Module._extensions..js (node:internal/modules/cjs/loader:1321:10)
    at Module.load (node:internal/modules/cjs/loader:1125:32)
    at Module._load (node:internal/modules/cjs/loader:965:12)
    at Module.require (node:internal/modules/cjs/loader:1149:19)
    at require (node:internal/modules/helpers:121:18)
    at Object.<anonymous> (C:\Users\User\.vscode\itinfo\app.js:6:23)
    at Module._compile (node:internal/modules/cjs/loader:1267:14)
    at Module._extensions..js (node:internal/modules/cjs/loader:1321:10)
2023-06-22T07:03:16.089Z error: uncaughtException: expressWinston is not defined
ReferenceError: expressWinston is not defined
    at Object.<anonymous> (C:\Users\User\.vscode\itinfo\middleware\workermiddleware.js:4:29)
    at Module._compile (node:internal/modules/cjs/loader:1267:14)
    at Module._extensions..js (node:internal/modules/cjs/loader:1321:10)
    at Module.load (node:internal/modules/cjs/loader:1125:32)
    at Module._load (node:internal/modules/cjs/loader:965:12)
    at Module.require (node:internal/modules/cjs/loader:1149:19)
    at require (node:internal/modules/helpers:121:18)
    at Object.<anonymous> (C:\Users\User\.vscode\itinfo\app.js:6:23)
    at Module._compile (node:internal/modules/cjs/loader:1267:14)
    at Module._extensions..js (node:internal/modules/cjs/loader:1321:10)
2023-06-22T07:03:18.919Z error: uncaughtException: expressWinston is not defined
ReferenceError: expressWinston is not defined
    at Object.<anonymous> (C:\Users\User\.vscode\itinfo\middleware\workermiddleware.js:4:29)
    at Module._compile (node:internal/modules/cjs/loader:1267:14)
    at Module._extensions..js (node:internal/modules/cjs/loader:1321:10)
    at Module.load (node:internal/modules/cjs/loader:1125:32)
    at Module._load (node:internal/modules/cjs/loader:965:12)
    at Module.require (node:internal/modules/cjs/loader:1149:19)
    at require (node:internal/modules/helpers:121:18)
    at Object.<anonymous> (C:\Users\User\.vscode\itinfo\app.js:6:23)
    at Module._compile (node:internal/modules/cjs/loader:1267:14)
    at Module._extensions..js (node:internal/modules/cjs/loader:1321:10)
2023-06-22T07:03:22.917Z error: uncaughtException: expressWinston is not defined
ReferenceError: expressWinston is not defined
    at Object.<anonymous> (C:\Users\User\.vscode\itinfo\middleware\workermiddleware.js:4:29)
    at Module._compile (node:internal/modules/cjs/loader:1267:14)
    at Module._extensions..js (node:internal/modules/cjs/loader:1321:10)
    at Module.load (node:internal/modules/cjs/loader:1125:32)
    at Module._load (node:internal/modules/cjs/loader:965:12)
    at Module.require (node:internal/modules/cjs/loader:1149:19)
    at require (node:internal/modules/helpers:121:18)
    at Object.<anonymous> (C:\Users\User\.vscode\itinfo\app.js:6:23)
    at Module._compile (node:internal/modules/cjs/loader:1267:14)
    at Module._extensions..js (node:internal/modules/cjs/loader:1321:10)
2023-06-22T07:03:25.972Z error: uncaughtException: expressWinston is not defined
ReferenceError: expressWinston is not defined
    at Object.<anonymous> (C:\Users\User\.vscode\itinfo\middleware\workermiddleware.js:4:29)
    at Module._compile (node:internal/modules/cjs/loader:1267:14)
    at Module._extensions..js (node:internal/modules/cjs/loader:1321:10)
    at Module.load (node:internal/modules/cjs/loader:1125:32)
    at Module._load (node:internal/modules/cjs/loader:965:12)
    at Module.require (node:internal/modules/cjs/loader:1149:19)
    at require (node:internal/modules/helpers:121:18)
    at Object.<anonymous> (C:\Users\User\.vscode\itinfo\app.js:6:23)
    at Module._compile (node:internal/modules/cjs/loader:1267:14)
    at Module._extensions..js (node:internal/modules/cjs/loader:1321:10)
2023-06-22T07:03:28.347Z error: uncaughtException: expressWinston is not defined
ReferenceError: expressWinston is not defined
    at Object.<anonymous> (C:\Users\User\.vscode\itinfo\middleware\workermiddleware.js:4:29)
    at Module._compile (node:internal/modules/cjs/loader:1267:14)
    at Module._extensions..js (node:internal/modules/cjs/loader:1321:10)
    at Module.load (node:internal/modules/cjs/loader:1125:32)
    at Module._load (node:internal/modules/cjs/loader:965:12)
    at Module.require (node:internal/modules/cjs/loader:1149:19)
    at require (node:internal/modules/helpers:121:18)
    at Object.<anonymous> (C:\Users\User\.vscode\itinfo\app.js:6:23)
    at Module._compile (node:internal/modules/cjs/loader:1267:14)
    at Module._extensions..js (node:internal/modules/cjs/loader:1321:10)
2023-06-22T07:03:32.659Z error: uncaughtException: expressWinston is not defined
ReferenceError: expressWinston is not defined
    at Object.<anonymous> (C:\Users\User\.vscode\itinfo\middleware\workermiddleware.js:4:29)
    at Module._compile (node:internal/modules/cjs/loader:1267:14)
    at Module._extensions..js (node:internal/modules/cjs/loader:1321:10)
    at Module.load (node:internal/modules/cjs/loader:1125:32)
    at Module._load (node:internal/modules/cjs/loader:965:12)
    at Module.require (node:internal/modules/cjs/loader:1149:19)
    at require (node:internal/modules/helpers:121:18)
    at Object.<anonymous> (C:\Users\User\.vscode\itinfo\app.js:6:23)
    at Module._compile (node:internal/modules/cjs/loader:1267:14)
    at Module._extensions..js (node:internal/modules/cjs/loader:1321:10)
2023-06-22T07:03:36.753Z error: uncaughtException: expressWinston is not defined
ReferenceError: expressWinston is not defined
    at Object.<anonymous> (C:\Users\User\.vscode\itinfo\middleware\workermiddleware.js:4:29)
    at Module._compile (node:internal/modules/cjs/loader:1267:14)
    at Module._extensions..js (node:internal/modules/cjs/loader:1321:10)
    at Module.load (node:internal/modules/cjs/loader:1125:32)
    at Module._load (node:internal/modules/cjs/loader:965:12)
    at Module.require (node:internal/modules/cjs/loader:1149:19)
    at require (node:internal/modules/helpers:121:18)
    at Object.<anonymous> (C:\Users\User\.vscode\itinfo\app.js:6:23)
    at Module._compile (node:internal/modules/cjs/loader:1267:14)
    at Module._extensions..js (node:internal/modules/cjs/loader:1321:10)
2023-06-22T07:03:40.715Z error: uncaughtException: expressWinston is not defined
ReferenceError: expressWinston is not defined
    at Object.<anonymous> (C:\Users\User\.vscode\itinfo\middleware\workermiddleware.js:4:29)
    at Module._compile (node:internal/modules/cjs/loader:1267:14)
    at Module._extensions..js (node:internal/modules/cjs/loader:1321:10)
    at Module.load (node:internal/modules/cjs/loader:1125:32)
    at Module._load (node:internal/modules/cjs/loader:965:12)
    at Module.require (node:internal/modules/cjs/loader:1149:19)
    at require (node:internal/modules/helpers:121:18)
    at Object.<anonymous> (C:\Users\User\.vscode\itinfo\app.js:6:23)
    at Module._compile (node:internal/modules/cjs/loader:1267:14)
    at Module._extensions..js (node:internal/modules/cjs/loader:1321:10)
2023-06-22T07:03:42.801Z error: uncaughtException: expressWinston is not defined
ReferenceError: expressWinston is not defined
    at Object.<anonymous> (C:\Users\User\.vscode\itinfo\middleware\workermiddleware.js:4:29)
    at Module._compile (node:internal/modules/cjs/loader:1267:14)
    at Module._extensions..js (node:internal/modules/cjs/loader:1321:10)
    at Module.load (node:internal/modules/cjs/loader:1125:32)
    at Module._load (node:internal/modules/cjs/loader:965:12)
    at Module.require (node:internal/modules/cjs/loader:1149:19)
    at require (node:internal/modules/helpers:121:18)
    at Object.<anonymous> (C:\Users\User\.vscode\itinfo\app.js:6:23)
    at Module._compile (node:internal/modules/cjs/loader:1267:14)
    at Module._extensions..js (node:internal/modules/cjs/loader:1321:10)
2023-06-22T07:03:46.028Z error: uncaughtException: expressWinston is not defined
ReferenceError: expressWinston is not defined
    at Object.<anonymous> (C:\Users\User\.vscode\itinfo\middleware\workermiddleware.js:4:29)
    at Module._compile (node:internal/modules/cjs/loader:1267:14)
    at Module._extensions..js (node:internal/modules/cjs/loader:1321:10)
    at Module.load (node:internal/modules/cjs/loader:1125:32)
    at Module._load (node:internal/modules/cjs/loader:965:12)
    at Module.require (node:internal/modules/cjs/loader:1149:19)
    at require (node:internal/modules/helpers:121:18)
    at Object.<anonymous> (C:\Users\User\.vscode\itinfo\app.js:6:23)
    at Module._compile (node:internal/modules/cjs/loader:1267:14)
    at Module._extensions..js (node:internal/modules/cjs/loader:1321:10)
2023-06-22T07:03:53.624Z error: uncaughtException: expressWinston is not defined
ReferenceError: expressWinston is not defined
    at Object.<anonymous> (C:\Users\User\.vscode\itinfo\middleware\workermiddleware.js:4:29)
    at Module._compile (node:internal/modules/cjs/loader:1267:14)
    at Module._extensions..js (node:internal/modules/cjs/loader:1321:10)
    at Module.load (node:internal/modules/cjs/loader:1125:32)
    at Module._load (node:internal/modules/cjs/loader:965:12)
    at Module.require (node:internal/modules/cjs/loader:1149:19)
    at require (node:internal/modules/helpers:121:18)
    at Object.<anonymous> (C:\Users\User\.vscode\itinfo\app.js:6:23)
    at Module._compile (node:internal/modules/cjs/loader:1267:14)
    at Module._extensions..js (node:internal/modules/cjs/loader:1321:10)
2023-06-22T07:03:59.585Z error: uncaughtException: expressWinston is not defined
ReferenceError: expressWinston is not defined
    at Object.<anonymous> (C:\Users\User\.vscode\itinfo\middleware\workermiddleware.js:4:29)
    at Module._compile (node:internal/modules/cjs/loader:1267:14)
    at Module._extensions..js (node:internal/modules/cjs/loader:1321:10)
    at Module.load (node:internal/modules/cjs/loader:1125:32)
    at Module._load (node:internal/modules/cjs/loader:965:12)
    at Module.require (node:internal/modules/cjs/loader:1149:19)
    at require (node:internal/modules/helpers:121:18)
    at Object.<anonymous> (C:\Users\User\.vscode\itinfo\app.js:6:23)
    at Module._compile (node:internal/modules/cjs/loader:1267:14)
    at Module._extensions..js (node:internal/modules/cjs/loader:1321:10)
2023-06-22T07:04:01.965Z error: uncaughtException: expressWinston is not defined
ReferenceError: expressWinston is not defined
    at Object.<anonymous> (C:\Users\User\.vscode\itinfo\middleware\workermiddleware.js:4:29)
    at Module._compile (node:internal/modules/cjs/loader:1267:14)
    at Module._extensions..js (node:internal/modules/cjs/loader:1321:10)
    at Module.load (node:internal/modules/cjs/loader:1125:32)
    at Module._load (node:internal/modules/cjs/loader:965:12)
    at Module.require (node:internal/modules/cjs/loader:1149:19)
    at require (node:internal/modules/helpers:121:18)
    at Object.<anonymous> (C:\Users\User\.vscode\itinfo\app.js:6:23)
    at Module._compile (node:internal/modules/cjs/loader:1267:14)
    at Module._extensions..js (node:internal/modules/cjs/loader:1321:10)
2023-06-22T07:04:06.494Z error: uncaughtException: expressWinston is not defined
ReferenceError: expressWinston is not defined
    at Object.<anonymous> (C:\Users\User\.vscode\itinfo\middleware\workermiddleware.js:4:29)
    at Module._compile (node:internal/modules/cjs/loader:1267:14)
    at Module._extensions..js (node:internal/modules/cjs/loader:1321:10)
    at Module.load (node:internal/modules/cjs/loader:1125:32)
    at Module._load (node:internal/modules/cjs/loader:965:12)
    at Module.require (node:internal/modules/cjs/loader:1149:19)
    at require (node:internal/modules/helpers:121:18)
    at Object.<anonymous> (C:\Users\User\.vscode\itinfo\app.js:6:23)
    at Module._compile (node:internal/modules/cjs/loader:1267:14)
    at Module._extensions..js (node:internal/modules/cjs/loader:1321:10)
2023-06-22T07:04:36.549Z error: uncaughtException: expressWinston is not defined
ReferenceError: expressWinston is not defined
    at Object.<anonymous> (C:\Users\User\.vscode\itinfo\middleware\workermiddleware.js:4:29)
    at Module._compile (node:internal/modules/cjs/loader:1267:14)
    at Module._extensions..js (node:internal/modules/cjs/loader:1321:10)
    at Module.load (node:internal/modules/cjs/loader:1125:32)
    at Module._load (node:internal/modules/cjs/loader:965:12)
    at Module.require (node:internal/modules/cjs/loader:1149:19)
    at require (node:internal/modules/helpers:121:18)
    at Object.<anonymous> (C:\Users\User\.vscode\itinfo\app.js:6:23)
    at Module._compile (node:internal/modules/cjs/loader:1267:14)
    at Module._extensions..js (node:internal/modules/cjs/loader:1321:10)
2023-06-22T07:04:45.112Z error: uncaughtException: expressWinston is not defined
ReferenceError: expressWinston is not defined
    at Object.<anonymous> (C:\Users\User\.vscode\itinfo\middleware\workermiddleware.js:4:29)
    at Module._compile (node:internal/modules/cjs/loader:1267:14)
    at Module._extensions..js (node:internal/modules/cjs/loader:1321:10)
    at Module.load (node:internal/modules/cjs/loader:1125:32)
    at Module._load (node:internal/modules/cjs/loader:965:12)
    at Module.require (node:internal/modules/cjs/loader:1149:19)
    at require (node:internal/modules/helpers:121:18)
    at Object.<anonymous> (C:\Users\User\.vscode\itinfo\app.js:6:23)
    at Module._compile (node:internal/modules/cjs/loader:1267:14)
    at Module._extensions..js (node:internal/modules/cjs/loader:1321:10)
2023-06-22T07:04:48.538Z error: uncaughtException: winston is not defined
ReferenceError: winston is not defined
    at Object.<anonymous> (C:\Users\User\.vscode\itinfo\middleware\workermiddleware.js:5:22)
    at Module._compile (node:internal/modules/cjs/loader:1267:14)
    at Module._extensions..js (node:internal/modules/cjs/loader:1321:10)
    at Module.load (node:internal/modules/cjs/loader:1125:32)
    at Module._load (node:internal/modules/cjs/loader:965:12)
    at Module.require (node:internal/modules/cjs/loader:1149:19)
    at require (node:internal/modules/helpers:121:18)
    at Object.<anonymous> (C:\Users\User\.vscode\itinfo\app.js:6:23)
    at Module._compile (node:internal/modules/cjs/loader:1267:14)
    at Module._extensions..js (node:internal/modules/cjs/loader:1321:10)
2023-06-22T07:04:53.499Z error: uncaughtException: winston is not defined
ReferenceError: winston is not defined
    at Object.<anonymous> (C:\Users\User\.vscode\itinfo\middleware\workermiddleware.js:6:22)
    at Module._compile (node:internal/modules/cjs/loader:1267:14)
    at Module._extensions..js (node:internal/modules/cjs/loader:1321:10)
    at Module.load (node:internal/modules/cjs/loader:1125:32)
    at Module._load (node:internal/modules/cjs/loader:965:12)
    at Module.require (node:internal/modules/cjs/loader:1149:19)
    at require (node:internal/modules/helpers:121:18)
    at Object.<anonymous> (C:\Users\User\.vscode\itinfo\app.js:6:23)
    at Module._compile (node:internal/modules/cjs/loader:1267:14)
    at Module._extensions..js (node:internal/modules/cjs/loader:1321:10)
2023-06-22T07:05:04.452Z error: uncaughtException: config is not defined
ReferenceError: config is not defined
    at Object.<anonymous> (C:\Users\User\.vscode\itinfo\middleware\workermiddleware.js:7:10)
    at Module._compile (node:internal/modules/cjs/loader:1267:14)
    at Module._extensions..js (node:internal/modules/cjs/loader:1321:10)
    at Module.load (node:internal/modules/cjs/loader:1125:32)
    at Module._load (node:internal/modules/cjs/loader:965:12)
    at Module.require (node:internal/modules/cjs/loader:1149:19)
    at require (node:internal/modules/helpers:121:18)
    at Object.<anonymous> (C:\Users\User\.vscode\itinfo\app.js:6:23)
    at Module._compile (node:internal/modules/cjs/loader:1267:14)
    at Module._extensions..js (node:internal/modules/cjs/loader:1321:10)
2023-06-22T07:05:07.924Z error: uncaughtException: Cannot read properties of undefined (reading 'transports')
TypeError: Cannot read properties of undefined (reading 'transports')
    at Object.<anonymous> (C:\Users\User\.vscode\itinfo\middleware\workermiddleware.js:6:30)
    at Module._compile (node:internal/modules/cjs/loader:1267:14)
    at Module._extensions..js (node:internal/modules/cjs/loader:1321:10)
    at Module.load (node:internal/modules/cjs/loader:1125:32)
    at Module._load (node:internal/modules/cjs/loader:965:12)
    at Module.require (node:internal/modules/cjs/loader:1149:19)
    at require (node:internal/modules/helpers:121:18)
    at Object.<anonymous> (C:\Users\User\.vscode\itinfo\app.js:6:23)
    at Module._compile (node:internal/modules/cjs/loader:1267:14)
    at Module._extensions..js (node:internal/modules/cjs/loader:1321:10)
2023-06-22T07:05:10.999Z error: uncaughtException: winston is not defined
ReferenceError: winston is not defined
    at Object.<anonymous> (C:\Users\User\.vscode\itinfo\middleware\workermiddleware.js:6:22)
    at Module._compile (node:internal/modules/cjs/loader:1267:14)
    at Module._extensions..js (node:internal/modules/cjs/loader:1321:10)
    at Module.load (node:internal/modules/cjs/loader:1125:32)
    at Module._load (node:internal/modules/cjs/loader:965:12)
    at Module.require (node:internal/modules/cjs/loader:1149:19)
    at require (node:internal/modules/helpers:121:18)
    at Object.<anonymous> (C:\Users\User\.vscode\itinfo\app.js:6:23)
    at Module._compile (node:internal/modules/cjs/loader:1267:14)
    at Module._extensions..js (node:internal/modules/cjs/loader:1321:10)
2023-06-22T07:05:13.225Z error: uncaughtException: winston is not defined
ReferenceError: winston is not defined
    at Object.<anonymous> (C:\Users\User\.vscode\itinfo\middleware\workermiddleware.js:6:22)
    at Module._compile (node:internal/modules/cjs/loader:1267:14)
    at Module._extensions..js (node:internal/modules/cjs/loader:1321:10)
    at Module.load (node:internal/modules/cjs/loader:1125:32)
    at Module._load (node:internal/modules/cjs/loader:965:12)
    at Module.require (node:internal/modules/cjs/loader:1149:19)
    at require (node:internal/modules/helpers:121:18)
    at Object.<anonymous> (C:\Users\User\.vscode\itinfo\app.js:6:23)
    at Module._compile (node:internal/modules/cjs/loader:1267:14)
    at Module._extensions..js (node:internal/modules/cjs/loader:1321:10)
2023-06-22T07:05:16.974Z error: uncaughtException: winston is not defined
ReferenceError: winston is not defined
    at Object.<anonymous> (C:\Users\User\.vscode\itinfo\middleware\workermiddleware.js:6:22)
    at Module._compile (node:internal/modules/cjs/loader:1267:14)
    at Module._extensions..js (node:internal/modules/cjs/loader:1321:10)
    at Module.load (node:internal/modules/cjs/loader:1125:32)
    at Module._load (node:internal/modules/cjs/loader:965:12)
    at Module.require (node:internal/modules/cjs/loader:1149:19)
    at require (node:internal/modules/helpers:121:18)
    at Object.<anonymous> (C:\Users\User\.vscode\itinfo\app.js:6:23)
    at Module._compile (node:internal/modules/cjs/loader:1267:14)
    at Module._extensions..js (node:internal/modules/cjs/loader:1321:10)
2023-06-22T07:06:01.987Z error: uncaughtException: winston is not defined
ReferenceError: winston is not defined
    at Object.<anonymous> (C:\Users\User\.vscode\itinfo\middleware\workermiddleware.js:7:22)
    at Module._compile (node:internal/modules/cjs/loader:1267:14)
    at Module._extensions..js (node:internal/modules/cjs/loader:1321:10)
    at Module.load (node:internal/modules/cjs/loader:1125:32)
    at Module._load (node:internal/modules/cjs/loader:965:12)
    at Module.require (node:internal/modules/cjs/loader:1149:19)
    at require (node:internal/modules/helpers:121:18)
    at Object.<anonymous> (C:\Users\User\.vscode\itinfo\app.js:6:23)
    at Module._compile (node:internal/modules/cjs/loader:1267:14)
    at Module._extensions..js (node:internal/modules/cjs/loader:1321:10)
2023-06-22T07:06:10.533Z error: uncaughtException: winston is not defined
ReferenceError: winston is not defined
    at Object.<anonymous> (C:\Users\User\.vscode\itinfo\middleware\workermiddleware.js:8:22)
    at Module._compile (node:internal/modules/cjs/loader:1267:14)
    at Module._extensions..js (node:internal/modules/cjs/loader:1321:10)
    at Module.load (node:internal/modules/cjs/loader:1125:32)
    at Module._load (node:internal/modules/cjs/loader:965:12)
    at Module.require (node:internal/modules/cjs/loader:1149:19)
    at require (node:internal/modules/helpers:121:18)
    at Object.<anonymous> (C:\Users\User\.vscode\itinfo\app.js:6:23)
    at Module._compile (node:internal/modules/cjs/loader:1267:14)
    at Module._extensions..js (node:internal/modules/cjs/loader:1321:10)
2023-06-22T07:06:18.636Z error: uncaughtException: winston is not defined
ReferenceError: winston is not defined
    at Object.<anonymous> (C:\Users\User\.vscode\itinfo\middleware\workermiddleware.js:8:22)
    at Module._compile (node:internal/modules/cjs/loader:1267:14)
    at Module._extensions..js (node:internal/modules/cjs/loader:1321:10)
    at Module.load (node:internal/modules/cjs/loader:1125:32)
    at Module._load (node:internal/modules/cjs/loader:965:12)
    at Module.require (node:internal/modules/cjs/loader:1149:19)
    at require (node:internal/modules/helpers:121:18)
    at Object.<anonymous> (C:\Users\User\.vscode\itinfo\app.js:6:23)
    at Module._compile (node:internal/modules/cjs/loader:1267:14)
    at Module._extensions..js (node:internal/modules/cjs/loader:1321:10)
2023-06-22T07:15:36.997Z error: uncaughtException: winston is not defined
ReferenceError: winston is not defined
    at Object.<anonymous> (C:\Users\User\.vscode\itinfo\middleware\loggermiddleware.js:8:9)
    at Module._compile (node:internal/modules/cjs/loader:1267:14)
    at Module._extensions..js (node:internal/modules/cjs/loader:1321:10)
    at Module.load (node:internal/modules/cjs/loader:1125:32)
    at Module._load (node:internal/modules/cjs/loader:965:12)
    at Module.require (node:internal/modules/cjs/loader:1149:19)
    at require (node:internal/modules/helpers:121:18)
    at Object.<anonymous> (C:\Users\User\.vscode\itinfo\app.js:80:5)
    at Module._compile (node:internal/modules/cjs/loader:1267:14)
    at Module._extensions..js (node:internal/modules/cjs/loader:1321:10)
2023-06-22T07:15:48.158Z error: uncaughtException: winston is not defined
ReferenceError: winston is not defined
    at Object.<anonymous> (C:\Users\User\.vscode\itinfo\middleware\loggermiddleware.js:8:9)
    at Module._compile (node:internal/modules/cjs/loader:1267:14)
    at Module._extensions..js (node:internal/modules/cjs/loader:1321:10)
    at Module.load (node:internal/modules/cjs/loader:1125:32)
    at Module._load (node:internal/modules/cjs/loader:965:12)
    at Module.require (node:internal/modules/cjs/loader:1149:19)
    at require (node:internal/modules/helpers:121:18)
    at Object.<anonymous> (C:\Users\User\.vscode\itinfo\app.js:80:5)
    at Module._compile (node:internal/modules/cjs/loader:1267:14)
    at Module._extensions..js (node:internal/modules/cjs/loader:1321:10)
2023-06-22T07:16:41.043Z error: uncaughtException: winston is not defined
ReferenceError: winston is not defined
    at Object.<anonymous> (C:\Users\User\.vscode\itinfo\middleware\loggermiddleware.js:8:9)
    at Module._compile (node:internal/modules/cjs/loader:1267:14)
    at Module._extensions..js (node:internal/modules/cjs/loader:1321:10)
    at Module.load (node:internal/modules/cjs/loader:1125:32)
    at Module._load (node:internal/modules/cjs/loader:965:12)
    at Module.require (node:internal/modules/cjs/loader:1149:19)
    at require (node:internal/modules/helpers:121:18)
    at Object.<anonymous> (C:\Users\User\.vscode\itinfo\app.js:80:5)
    at Module._compile (node:internal/modules/cjs/loader:1267:14)
    at Module._extensions..js (node:internal/modules/cjs/loader:1321:10)
2023-06-22T07:17:46.172Z error: uncaughtException: winston is not defined
ReferenceError: winston is not defined
    at Object.<anonymous> (C:\Users\User\.vscode\itinfo\middleware\loggermiddleware.js:8:9)
    at Module._compile (node:internal/modules/cjs/loader:1267:14)
    at Module._extensions..js (node:internal/modules/cjs/loader:1321:10)
    at Module.load (node:internal/modules/cjs/loader:1125:32)
    at Module._load (node:internal/modules/cjs/loader:965:12)
    at Module.require (node:internal/modules/cjs/loader:1149:19)
    at require (node:internal/modules/helpers:121:18)
    at Object.<anonymous> (C:\Users\User\.vscode\itinfo\app.js:80:5)
    at Module._compile (node:internal/modules/cjs/loader:1267:14)
    at Module._extensions..js (node:internal/modules/cjs/loader:1321:10)
2023-06-22T07:17:48.971Z error: uncaughtException: winston is not defined
ReferenceError: winston is not defined
    at Object.<anonymous> (C:\Users\User\.vscode\itinfo\middleware\loggermiddleware.js:8:9)
    at Module._compile (node:internal/modules/cjs/loader:1267:14)
    at Module._extensions..js (node:internal/modules/cjs/loader:1321:10)
    at Module.load (node:internal/modules/cjs/loader:1125:32)
    at Module._load (node:internal/modules/cjs/loader:965:12)
    at Module.require (node:internal/modules/cjs/loader:1149:19)
    at require (node:internal/modules/helpers:121:18)
    at Object.<anonymous> (C:\Users\User\.vscode\itinfo\app.js:80:5)
    at Module._compile (node:internal/modules/cjs/loader:1267:14)
    at Module._extensions..js (node:internal/modules/cjs/loader:1321:10)
2023-06-22T07:17:54.441Z error: uncaughtException: winston is not defined
ReferenceError: winston is not defined
    at Object.<anonymous> (C:\Users\User\.vscode\itinfo\middleware\loggermiddleware.js:8:9)
    at Module._compile (node:internal/modules/cjs/loader:1267:14)
    at Module._extensions..js (node:internal/modules/cjs/loader:1321:10)
    at Module.load (node:internal/modules/cjs/loader:1125:32)
    at Module._load (node:internal/modules/cjs/loader:965:12)
    at Module.require (node:internal/modules/cjs/loader:1149:19)
    at require (node:internal/modules/helpers:121:18)
    at Object.<anonymous> (C:\Users\User\.vscode\itinfo\app.js:80:5)
    at Module._compile (node:internal/modules/cjs/loader:1267:14)
    at Module._extensions..js (node:internal/modules/cjs/loader:1321:10)
2023-06-22T07:17:57.177Z error: uncaughtException: winston is not defined
ReferenceError: winston is not defined
    at Object.<anonymous> (C:\Users\User\.vscode\itinfo\middleware\loggermiddleware.js:8:9)
    at Module._compile (node:internal/modules/cjs/loader:1267:14)
    at Module._extensions..js (node:internal/modules/cjs/loader:1321:10)
    at Module.load (node:internal/modules/cjs/loader:1125:32)
    at Module._load (node:internal/modules/cjs/loader:965:12)
    at Module.require (node:internal/modules/cjs/loader:1149:19)
    at require (node:internal/modules/helpers:121:18)
    at Object.<anonymous> (C:\Users\User\.vscode\itinfo\app.js:80:5)
    at Module._compile (node:internal/modules/cjs/loader:1267:14)
    at Module._extensions..js (node:internal/modules/cjs/loader:1321:10)
2023-06-22T07:17:59.398Z error: uncaughtException: winston is not defined
ReferenceError: winston is not defined
    at Object.<anonymous> (C:\Users\User\.vscode\itinfo\middleware\loggermiddleware.js:8:9)
    at Module._compile (node:internal/modules/cjs/loader:1267:14)
    at Module._extensions..js (node:internal/modules/cjs/loader:1321:10)
    at Module.load (node:internal/modules/cjs/loader:1125:32)
    at Module._load (node:internal/modules/cjs/loader:965:12)
    at Module.require (node:internal/modules/cjs/loader:1149:19)
    at require (node:internal/modules/helpers:121:18)
    at Object.<anonymous> (C:\Users\User\.vscode\itinfo\app.js:80:5)
    at Module._compile (node:internal/modules/cjs/loader:1267:14)
    at Module._extensions..js (node:internal/modules/cjs/loader:1321:10)
2023-06-22T07:18:12.397Z error: uncaughtException: winston is not defined
ReferenceError: winston is not defined
    at Object.<anonymous> (C:\Users\User\.vscode\itinfo\middleware\loggermiddleware.js:8:9)
    at Module._compile (node:internal/modules/cjs/loader:1267:14)
    at Module._extensions..js (node:internal/modules/cjs/loader:1321:10)
    at Module.load (node:internal/modules/cjs/loader:1125:32)
    at Module._load (node:internal/modules/cjs/loader:965:12)
    at Module.require (node:internal/modules/cjs/loader:1149:19)
    at require (node:internal/modules/helpers:121:18)
    at Object.<anonymous> (C:\Users\User\.vscode\itinfo\app.js:80:5)
    at Module._compile (node:internal/modules/cjs/loader:1267:14)
    at Module._extensions..js (node:internal/modules/cjs/loader:1321:10)
2023-06-22T07:18:15.308Z error: uncaughtException: winston is not defined
ReferenceError: winston is not defined
    at Object.<anonymous> (C:\Users\User\.vscode\itinfo\middleware\loggermiddleware.js:8:9)
    at Module._compile (node:internal/modules/cjs/loader:1267:14)
    at Module._extensions..js (node:internal/modules/cjs/loader:1321:10)
    at Module.load (node:internal/modules/cjs/loader:1125:32)
    at Module._load (node:internal/modules/cjs/loader:965:12)
    at Module.require (node:internal/modules/cjs/loader:1149:19)
    at require (node:internal/modules/helpers:121:18)
    at Object.<anonymous> (C:\Users\User\.vscode\itinfo\app.js:80:5)
    at Module._compile (node:internal/modules/cjs/loader:1267:14)
    at Module._extensions..js (node:internal/modules/cjs/loader:1321:10)
2023-06-22T07:18:34.972Z error: uncaughtException: winston is not defined
ReferenceError: winston is not defined
    at Object.<anonymous> (C:\Users\User\.vscode\itinfo\middleware\loggermiddleware.js:8:9)
    at Module._compile (node:internal/modules/cjs/loader:1267:14)
    at Module._extensions..js (node:internal/modules/cjs/loader:1321:10)
    at Module.load (node:internal/modules/cjs/loader:1125:32)
    at Module._load (node:internal/modules/cjs/loader:965:12)
    at Module.require (node:internal/modules/cjs/loader:1149:19)
    at require (node:internal/modules/helpers:121:18)
    at Object.<anonymous> (C:\Users\User\.vscode\itinfo\app.js:80:5)
    at Module._compile (node:internal/modules/cjs/loader:1267:14)
    at Module._extensions..js (node:internal/modules/cjs/loader:1321:10)
2023-06-22T07:18:53.723Z error: uncaughtException: expressWinstonLogger is not defined
ReferenceError: expressWinstonLogger is not defined
    at Object.<anonymous> (C:\Users\User\.vscode\itinfo\app.js:79:9)
    at Module._compile (node:internal/modules/cjs/loader:1267:14)
    at Module._extensions..js (node:internal/modules/cjs/loader:1321:10)
    at Module.load (node:internal/modules/cjs/loader:1125:32)
    at Module._load (node:internal/modules/cjs/loader:965:12)
    at Function.executeUserEntryPoint [as runMain] (node:internal/modules/run_main:83:12)
    at node:internal/main/run_main_module:23:47
2023-06-22T07:19:04.806Z error: uncaughtException: expressWinstonLogger is not defined
ReferenceError: expressWinstonLogger is not defined
    at Object.<anonymous> (C:\Users\User\.vscode\itinfo\app.js:80:9)
    at Module._compile (node:internal/modules/cjs/loader:1267:14)
    at Module._extensions..js (node:internal/modules/cjs/loader:1321:10)
    at Module.load (node:internal/modules/cjs/loader:1125:32)
    at Module._load (node:internal/modules/cjs/loader:965:12)
    at Function.executeUserEntryPoint [as runMain] (node:internal/modules/run_main:83:12)
    at node:internal/main/run_main_module:23:47
